{"/Users/a123/Desktop/INSPECTOR-system/pc-admin/src/App.vue": {"path":"/Users/a123/Desktop/INSPECTOR-system/pc-admin/src/App.vue","statementMap":{"0":{"start":{"line":2,"column":2},"end":{"line":2,"column":null}}},"fnMap":{},"branchMap":{},"s":{"0":0},"f":{},"b":{},"meta":{"lastBranch":0,"lastFunction":0,"lastStatement":1,"seen":{"s:2:2:2:Infinity":0}}}
,"/Users/a123/Desktop/INSPECTOR-system/pc-admin/src/api/http.js": {"path":"/Users/a123/Desktop/INSPECTOR-system/pc-admin/src/api/http.js","statementMap":{"0":{"start":{"line":3,"column":22},"end":{"line":3,"column":null}},"1":{"start":{"line":5,"column":29},"end":{"line":5,"column":null}},"2":{"start":{"line":7,"column":20},"end":{"line":10,"column":null}},"3":{"start":{"line":13,"column":2},"end":{"line":13,"column":null}},"4":{"start":{"line":17,"column":2},"end":{"line":17,"column":null}},"5":{"start":{"line":17,"column":49},"end":{"line":17,"column":62}},"6":{"start":{"line":21,"column":2},"end":{"line":26,"column":null}},"7":{"start":{"line":22,"column":4},"end":{"line":25,"column":null}},"8":{"start":{"line":23,"column":22},"end":{"line":23,"column":null}},"9":{"start":{"line":24,"column":6},"end":{"line":24,"column":null}}},"fnMap":{"0":{"name":"cloneData","decl":{"start":{"line":12,"column":9},"end":{"line":12,"column":18}},"loc":{"start":{"line":12,"column":25},"end":{"line":14,"column":null}},"line":12},"1":{"name":"request","decl":{"start":{"line":16,"column":16},"end":{"line":16,"column":23}},"loc":{"start":{"line":16,"column":32},"end":{"line":18,"column":null}},"line":16},"2":{"name":"(anonymous_2)","decl":{"start":{"line":17,"column":35},"end":{"line":17,"column":36}},"loc":{"start":{"line":17,"column":49},"end":{"line":17,"column":62}},"line":17},"3":{"name":"mockRequest","decl":{"start":{"line":20,"column":16},"end":{"line":20,"column":27}},"loc":{"start":{"line":20,"column":60},"end":{"line":27,"column":null}},"line":20},"4":{"name":"(anonymous_4)","decl":{"start":{"line":21,"column":21},"end":{"line":21,"column":22}},"loc":{"start":{"line":21,"column":34},"end":{"line":26,"column":3}},"line":21},"5":{"name":"(anonymous_5)","decl":{"start":{"line":22,"column":22},"end":{"line":22,"column":23}},"loc":{"start":{"line":22,"column":28},"end":{"line":25,"column":5}},"line":22}},"branchMap":{"0":{"loc":{"start":{"line":8,"column":11},"end":{"line":8,"column":54}},"type":"binary-expr","locations":[{"start":{"line":8,"column":11},"end":{"line":8,"column":44}},{"start":{"line":8,"column":48},"end":{"line":8,"column":54}}],"line":8},"1":{"loc":{"start":{"line":20,"column":37},"end":{"line":20,"column":58}},"type":"default-arg","locations":[{"start":{"line":20,"column":45},"end":{"line":20,"column":58}}],"line":20},"2":{"loc":{"start":{"line":23,"column":22},"end":{"line":23,"column":null}},"type":"cond-expr","locations":[{"start":{"line":23,"column":54},"end":{"line":23,"column":63}},{"start":{"line":23,"column":66},"end":{"line":23,"column":null}}],"line":23}},"s":{"0":0,"1":0,"2":0,"3":0,"4":0,"5":0,"6":0,"7":0,"8":0,"9":0},"f":{"0":0,"1":0,"2":0,"3":0,"4":0,"5":0},"b":{"0":[0,0],"1":[0],"2":[0,0]},"meta":{"lastBranch":3,"lastFunction":6,"lastStatement":10,"seen":{"s:3:22:3:Infinity":0,"s:5:29:5:Infinity":1,"s:7:20:10:Infinity":2,"b:8:11:8:44:8:48:8:54":0,"f:12:9:12:18":0,"s:13:2:13:Infinity":3,"f:16:16:16:23":1,"s:17:2:17:Infinity":4,"f:17:35:17:36":2,"s:17:49:17:62":5,"f:20:16:20:27":3,"b:20:45:20:58":1,"s:21:2:26:Infinity":6,"f:21:21:21:22":4,"s:22:4:25:Infinity":7,"f:22:22:22:23":5,"s:23:22:23:Infinity":8,"b:23:54:23:63:23:66:23:Infinity":2,"s:24:6:24:Infinity":9}}}
,"/Users/a123/Desktop/INSPECTOR-system/pc-admin/src/api/modules/dashboard.js": {"path":"/Users/a123/Desktop/INSPECTOR-system/pc-admin/src/api/modules/dashboard.js","statementMap":{"0":{"start":{"line":5,"column":2},"end":{"line":7,"column":null}},"1":{"start":{"line":6,"column":4},"end":{"line":6,"column":null}},"2":{"start":{"line":9,"column":2},"end":{"line":12,"column":null}}},"fnMap":{"0":{"name":"getDashboardData","decl":{"start":{"line":4,"column":16},"end":{"line":4,"column":32}},"loc":{"start":{"line":4,"column":35},"end":{"line":13,"column":null}},"line":4}},"branchMap":{"0":{"loc":{"start":{"line":5,"column":2},"end":{"line":7,"column":null}},"type":"if","locations":[{"start":{"line":5,"column":2},"end":{"line":7,"column":null}},{"start":{},"end":{}}],"line":5}},"s":{"0":0,"1":0,"2":0},"f":{"0":0},"b":{"0":[0,0]},"meta":{"lastBranch":1,"lastFunction":1,"lastStatement":3,"seen":{"f:4:16:4:32":0,"b:5:2:7:Infinity:undefined:undefined:undefined:undefined":0,"s:5:2:7:Infinity":0,"s:6:4:6:Infinity":1,"s:9:2:12:Infinity":2}}}
,"/Users/a123/Desktop/INSPECTOR-system/pc-admin/src/api/modules/equipment.js": {"path":"/Users/a123/Desktop/INSPECTOR-system/pc-admin/src/api/modules/equipment.js","statementMap":{"0":{"start":{"line":22,"column":2},"end":{"line":30,"column":null}},"1":{"start":{"line":23,"column":4},"end":{"line":29,"column":null}},"2":{"start":{"line":23,"column":30},"end":{"line":29,"column":5}},"3":{"start":{"line":31,"column":2},"end":{"line":31,"column":null}},"4":{"start":{"line":35,"column":2},"end":{"line":37,"column":null}},"5":{"start":{"line":41,"column":2},"end":{"line":44,"column":null}},"6":{"start":{"line":48,"column":19},"end":{"line":48,"column":null}},"7":{"start":{"line":49,"column":2},"end":{"line":49,"column":null}},"8":{"start":{"line":50,"column":2},"end":{"line":52,"column":null}}},"fnMap":{"0":{"name":"getDepartments","decl":{"start":{"line":21,"column":16},"end":{"line":21,"column":30}},"loc":{"start":{"line":21,"column":33},"end":{"line":32,"column":null}},"line":21},"1":{"name":"(anonymous_1)","decl":{"start":{"line":23,"column":23},"end":{"line":23,"column":24}},"loc":{"start":{"line":23,"column":30},"end":{"line":29,"column":5}},"line":23},"2":{"name":"exportTemplate","decl":{"start":{"line":34,"column":16},"end":{"line":34,"column":30}},"loc":{"start":{"line":34,"column":33},"end":{"line":38,"column":null}},"line":34},"3":{"name":"exportExcel","decl":{"start":{"line":40,"column":16},"end":{"line":40,"column":27}},"loc":{"start":{"line":40,"column":41},"end":{"line":45,"column":null}},"line":40},"4":{"name":"importEquipment","decl":{"start":{"line":47,"column":16},"end":{"line":47,"column":31}},"loc":{"start":{"line":47,"column":38},"end":{"line":53,"column":null}},"line":47}},"branchMap":{"0":{"loc":{"start":{"line":22,"column":2},"end":{"line":30,"column":null}},"type":"if","locations":[{"start":{"line":22,"column":2},"end":{"line":30,"column":null}},{"start":{},"end":{}}],"line":22},"1":{"loc":{"start":{"line":40,"column":28},"end":{"line":40,"column":39}},"type":"default-arg","locations":[{"start":{"line":40,"column":37},"end":{"line":40,"column":39}}],"line":40}},"s":{"0":0,"1":0,"2":0,"3":0,"4":0,"5":0,"6":0,"7":0,"8":0},"f":{"0":0,"1":0,"2":0,"3":0,"4":0},"b":{"0":[0,0],"1":[0]},"meta":{"lastBranch":2,"lastFunction":5,"lastStatement":9,"seen":{"f:21:16:21:30":0,"b:22:2:30:Infinity:undefined:undefined:undefined:undefined":0,"s:22:2:30:Infinity":0,"s:23:4:29:Infinity":1,"f:23:23:23:24":1,"s:23:30:29:5":2,"s:31:2:31:Infinity":3,"f:34:16:34:30":2,"s:35:2:37:Infinity":4,"f:40:16:40:27":3,"b:40:37:40:39":1,"s:41:2:44:Infinity":5,"f:47:16:47:31":4,"s:48:19:48:Infinity":6,"s:49:2:49:Infinity":7,"s:50:2:52:Infinity":8}}}
,"/Users/a123/Desktop/INSPECTOR-system/pc-admin/src/api/modules/report.js": {"path":"/Users/a123/Desktop/INSPECTOR-system/pc-admin/src/api/modules/report.js","statementMap":{"0":{"start":{"line":5,"column":2},"end":{"line":7,"column":null}},"1":{"start":{"line":6,"column":4},"end":{"line":6,"column":null}},"2":{"start":{"line":6,"column":28},"end":{"line":6,"column":61}},"3":{"start":{"line":9,"column":2},"end":{"line":13,"column":null}}},"fnMap":{"0":{"name":"getReportData","decl":{"start":{"line":4,"column":16},"end":{"line":4,"column":29}},"loc":{"start":{"line":4,"column":43},"end":{"line":14,"column":null}},"line":4},"1":{"name":"(anonymous_1)","decl":{"start":{"line":6,"column":23},"end":{"line":6,"column":24}},"loc":{"start":{"line":6,"column":28},"end":{"line":6,"column":61}},"line":6}},"branchMap":{"0":{"loc":{"start":{"line":4,"column":30},"end":{"line":4,"column":41}},"type":"default-arg","locations":[{"start":{"line":4,"column":39},"end":{"line":4,"column":41}}],"line":4},"1":{"loc":{"start":{"line":5,"column":2},"end":{"line":7,"column":null}},"type":"if","locations":[{"start":{"line":5,"column":2},"end":{"line":7,"column":null}},{"start":{},"end":{}}],"line":5}},"s":{"0":0,"1":0,"2":0,"3":0},"f":{"0":0,"1":0},"b":{"0":[0],"1":[0,0]},"meta":{"lastBranch":2,"lastFunction":2,"lastStatement":4,"seen":{"f:4:16:4:29":0,"b:4:39:4:41":0,"b:5:2:7:Infinity:undefined:undefined:undefined:undefined":1,"s:5:2:7:Infinity":0,"s:6:4:6:Infinity":1,"f:6:23:6:24":1,"s:6:28:6:61":2,"s:9:2:13:Infinity":3}}}
,"/Users/a123/Desktop/INSPECTOR-system/pc-admin/src/components/HelloWorld.vue": {"path":"/Users/a123/Desktop/INSPECTOR-system/pc-admin/src/components/HelloWorld.vue","statementMap":{"0":{"start":{"line":7,"column":13},"end":{"line":7,"column":null}},"1":{"start":{"line":29,"column":13},"end":{"line":29,"column":49}},"2":{"start":{"line":50,"column":13},"end":{"line":50,"column":42}},"3":{"start":{"line":58,"column":19},"end":{"line":58,"column":48}},"4":{"start":{"line":66,"column":19},"end":{"line":66,"column":49}},"5":{"start":{"line":74,"column":19},"end":{"line":74,"column":43}},"6":{"start":{"line":82,"column":19},"end":{"line":82,"column":49}},"7":{"start":{"line":11,"column":11},"end":{"line":11,"column":null}},"8":{"start":{"line":12,"column":9},"end":{"line":12,"column":null}},"9":{"start":{"line":26,"column":11},"end":{"line":26,"column":null}},"10":{"start":{"line":27,"column":9},"end":{"line":27,"column":null}},"11":{"start":{"line":21,"column":36},"end":{"line":21,"column":45}}},"fnMap":{"0":{"name":"(anonymous_0)","decl":{"start":{"line":21,"column":34},"end":{"line":21,"column":36}},"loc":{"start":{"line":21,"column":36},"end":{"line":21,"column":45}},"line":21}},"branchMap":{"0":{"loc":{"start":{"line":17,"column":4},"end":{"line":19,"column":72}},"type":"binary-expr","locations":[{"start":{"line":17,"column":4},"end":{"line":17,"column":null}},{"start":{"line":17,"column":4},"end":{"line":19,"column":72}}],"line":17},"1":{"loc":{"start":{"line":21,"column":34},"end":{"line":21,"column":45}},"type":"binary-expr","locations":[{"start":{"line":21,"column":34},"end":{"line":21,"column":36}},{"start":{"line":21,"column":34},"end":{"line":21,"column":45}}],"line":21},"2":{"loc":{"start":{"line":24,"column":2},"end":{"line":24,"column":27}},"type":"binary-expr","locations":[{"start":{"line":24,"column":2},"end":{"line":24,"column":7}},{"start":{"line":24,"column":2},"end":{"line":24,"column":27}}],"line":24},"3":{"loc":{"start":{"line":28,"column":6},"end":{"line":29,"column":56}},"type":"binary-expr","locations":[{"start":{"line":28,"column":6},"end":{"line":28,"column":11}},{"start":{"line":28,"column":6},"end":{"line":29,"column":56}}],"line":28},"4":{"loc":{"start":{"line":31,"column":6},"end":{"line":31,"column":28}},"type":"binary-expr","locations":[{"start":{"line":31,"column":6},"end":{"line":31,"column":10}},{"start":{"line":31,"column":6},"end":{"line":31,"column":28}}],"line":31},"5":{"loc":{"start":{"line":32,"column":6},"end":{"line":32,"column":37}},"type":"binary-expr","locations":[{"start":{"line":32,"column":6},"end":{"line":32,"column":9}},{"start":{"line":32,"column":6},"end":{"line":32,"column":37}}],"line":32},"6":{"loc":{"start":{"line":36,"column":55},"end":{"line":38,"column":14}},"type":"binary-expr","locations":[{"start":{"line":36,"column":55},"end":{"line":36,"column":null}},{"start":{"line":36,"column":55},"end":{"line":38,"column":14}}],"line":36},"7":{"loc":{"start":{"line":42,"column":61},"end":{"line":44,"column":14}},"type":"binary-expr","locations":[{"start":{"line":42,"column":61},"end":{"line":42,"column":null}},{"start":{"line":42,"column":61},"end":{"line":44,"column":14}}],"line":42},"8":{"loc":{"start":{"line":48,"column":4},"end":{"line":85,"column":14}},"type":"binary-expr","locations":[{"start":{"line":48,"column":4},"end":{"line":48,"column":9}},{"start":{"line":48,"column":4},"end":{"line":85,"column":14}}],"line":48},"9":{"loc":{"start":{"line":91,"column":2},"end":{"line":91,"column":27}},"type":"binary-expr","locations":[{"start":{"line":91,"column":2},"end":{"line":91,"column":7}},{"start":{"line":91,"column":2},"end":{"line":91,"column":27}}],"line":91},"10":{"loc":{"start":{"line":92,"column":2},"end":{"line":92,"column":33}},"type":"binary-expr","locations":[{"start":{"line":92,"column":2},"end":{"line":92,"column":11}},{"start":{"line":92,"column":2},"end":{"line":92,"column":33}}],"line":92}},"s":{"0":0,"1":0,"2":0,"3":0,"4":0,"5":0,"6":0,"7":0,"8":0,"9":0,"10":0,"11":0},"f":{"0":0},"b":{"0":[0,0],"1":[0,0],"2":[0,0],"3":[0,0],"4":[0,0],"5":[0,0],"6":[0,0],"7":[0,0],"8":[0,0],"9":[0,0],"10":[0,0]},"meta":{"lastBranch":11,"lastFunction":1,"lastStatement":12,"seen":{"s:7:13:7:Infinity":0,"s:29:13:29:49":1,"s:50:13:50:42":2,"s:58:19:58:48":3,"s:66:19:66:49":4,"s:74:19:74:43":5,"s:82:19:82:49":6,"s:11:11:11:Infinity":7,"s:12:9:12:Infinity":8,"s:26:11:26:Infinity":9,"s:27:9:27:Infinity":10,"b:17:4:17:Infinity:17:4:19:72":0,"b:21:34:21:36:21:34:21:45":1,"f:21:34:21:36":0,"s:21:36:21:45":11,"b:24:2:24:7:24:2:24:27":2,"b:28:6:28:11:28:6:29:56":3,"b:31:6:31:10:31:6:31:28":4,"b:32:6:32:9:32:6:32:37":5,"b:36:55:36:Infinity:36:55:38:14":6,"b:42:61:42:Infinity:42:61:44:14":7,"b:48:4:48:9:48:4:85:14":8,"b:91:2:91:7:91:2:91:27":9,"b:92:2:92:11:92:2:92:33":10}}}
,"/Users/a123/Desktop/INSPECTOR-system/pc-admin/src/components/charts/BaseChart.vue": {"path":"/Users/a123/Desktop/INSPECTOR-system/pc-admin/src/components/charts/BaseChart.vue","statementMap":{"0":{"start":{"line":8,"column":0},"end":{"line":8,"column":null}},"1":{"start":{"line":10,"column":14},"end":{"line":10,"column":null}},"2":{"start":{"line":21,"column":20},"end":{"line":21,"column":null}},"3":{"start":{"line":22,"column":21},"end":{"line":22,"column":null}},"4":{"start":{"line":26,"column":2},"end":{"line":26,"column":null}},"5":{"start":{"line":30,"column":2},"end":{"line":32,"column":null}},"6":{"start":{"line":31,"column":4},"end":{"line":31,"column":null}},"7":{"start":{"line":34,"column":2},"end":{"line":36,"column":null}},"8":{"start":{"line":35,"column":4},"end":{"line":35,"column":null}},"9":{"start":{"line":38,"column":2},"end":{"line":38,"column":null}},"10":{"start":{"line":41,"column":0},"end":{"line":53,"column":null}},"11":{"start":{"line":42,"column":2},"end":{"line":42,"column":null}},"12":{"start":{"line":44,"column":2},"end":{"line":46,"column":null}},"13":{"start":{"line":45,"column":4},"end":{"line":45,"column":null}},"14":{"start":{"line":48,"column":2},"end":{"line":50,"column":null}},"15":{"start":{"line":49,"column":4},"end":{"line":49,"column":null}},"16":{"start":{"line":52,"column":2},"end":{"line":52,"column":null}},"17":{"start":{"line":55,"column":0},"end":{"line":61,"column":null}},"18":{"start":{"line":56,"column":8},"end":{"line":56,"column":20}},"19":{"start":{"line":58,"column":4},"end":{"line":58,"column":null}},"20":{"start":{"line":63,"column":0},"end":{"line":67,"column":null}},"21":{"start":{"line":64,"column":2},"end":{"line":64,"column":null}},"22":{"start":{"line":65,"column":2},"end":{"line":65,"column":null}},"23":{"start":{"line":66,"column":2},"end":{"line":66,"column":null}},"24":{"start":{"line":71,"column":2},"end":{"line":71,"column":63}}},"fnMap":{"0":{"name":"resizeChart","decl":{"start":{"line":25,"column":9},"end":{"line":25,"column":20}},"loc":{"start":{"line":25,"column":23},"end":{"line":27,"column":null}},"line":25},"1":{"name":"renderChart","decl":{"start":{"line":29,"column":9},"end":{"line":29,"column":20}},"loc":{"start":{"line":29,"column":23},"end":{"line":39,"column":null}},"line":29},"2":{"name":"(anonymous_2)","decl":{"start":{"line":41,"column":10},"end":{"line":41,"column":11}},"loc":{"start":{"line":41,"column":16},"end":{"line":53,"column":1}},"line":41},"3":{"name":"(anonymous_3)","decl":{"start":{"line":44,"column":38},"end":{"line":44,"column":39}},"loc":{"start":{"line":44,"column":44},"end":{"line":46,"column":3}},"line":44},"4":{"name":"(anonymous_4)","decl":{"start":{"line":56,"column":2},"end":{"line":56,"column":3}},"loc":{"start":{"line":56,"column":8},"end":{"line":56,"column":20}},"line":56},"5":{"name":"(anonymous_5)","decl":{"start":{"line":57,"column":2},"end":{"line":57,"column":3}},"loc":{"start":{"line":57,"column":8},"end":{"line":59,"column":3}},"line":57},"6":{"name":"(anonymous_6)","decl":{"start":{"line":63,"column":16},"end":{"line":63,"column":17}},"loc":{"start":{"line":63,"column":22},"end":{"line":67,"column":1}},"line":63}},"branchMap":{"0":{"loc":{"start":{"line":30,"column":2},"end":{"line":32,"column":null}},"type":"if","locations":[{"start":{"line":30,"column":2},"end":{"line":32,"column":null}},{"start":{},"end":{}}],"line":30},"1":{"loc":{"start":{"line":34,"column":2},"end":{"line":36,"column":null}},"type":"if","locations":[{"start":{"line":34,"column":2},"end":{"line":36,"column":null}},{"start":{},"end":{}}],"line":34},"2":{"loc":{"start":{"line":48,"column":2},"end":{"line":50,"column":null}},"type":"if","locations":[{"start":{"line":48,"column":2},"end":{"line":50,"column":null}},{"start":{},"end":{}}],"line":48}},"s":{"0":0,"1":0,"2":0,"3":0,"4":0,"5":0,"6":0,"7":0,"8":0,"9":0,"10":0,"11":0,"12":0,"13":0,"14":0,"15":0,"16":0,"17":0,"18":0,"19":0,"20":0,"21":0,"22":0,"23":0,"24":0},"f":{"0":0,"1":0,"2":0,"3":0,"4":0,"5":0,"6":0},"b":{"0":[0,0],"1":[0,0],"2":[0,0]},"meta":{"lastBranch":3,"lastFunction":7,"lastStatement":25,"seen":{"s:8:0:8:Infinity":0,"s:10:14:10:Infinity":1,"s:21:20:21:Infinity":2,"s:22:21:22:Infinity":3,"f:25:9:25:20":0,"s:26:2:26:Infinity":4,"f:29:9:29:20":1,"b:30:2:32:Infinity:undefined:undefined:undefined:undefined":0,"s:30:2:32:Infinity":5,"s:31:4:31:Infinity":6,"b:34:2:36:Infinity:undefined:undefined:undefined:undefined":1,"s:34:2:36:Infinity":7,"s:35:4:35:Infinity":8,"s:38:2:38:Infinity":9,"s:41:0:53:Infinity":10,"f:41:10:41:11":2,"s:42:2:42:Infinity":11,"s:44:2:46:Infinity":12,"f:44:38:44:39":3,"s:45:4:45:Infinity":13,"b:48:2:50:Infinity:undefined:undefined:undefined:undefined":2,"s:48:2:50:Infinity":14,"s:49:4:49:Infinity":15,"s:52:2:52:Infinity":16,"s:55:0:61:Infinity":17,"f:56:2:56:3":4,"s:56:8:56:20":18,"f:57:2:57:3":5,"s:58:4:58:Infinity":19,"s:63:0:67:Infinity":20,"f:63:16:63:17":6,"s:64:2:64:Infinity":21,"s:65:2:65:Infinity":22,"s:66:2:66:Infinity":23,"s:71:2:71:63":24}}}
,"/Users/a123/Desktop/INSPECTOR-system/pc-admin/src/constants/menu.js": {"path":"/Users/a123/Desktop/INSPECTOR-system/pc-admin/src/constants/menu.js","statementMap":{"0":{"start":{"line":1,"column":25},"end":{"line":42,"column":null}}},"fnMap":{},"branchMap":{},"s":{"0":0},"f":{},"b":{},"meta":{"lastBranch":0,"lastFunction":0,"lastStatement":1,"seen":{"s:1:25:42:Infinity":0}}}
,"/Users/a123/Desktop/INSPECTOR-system/pc-admin/src/layouts/AdminLayout.vue": {"path":"/Users/a123/Desktop/INSPECTOR-system/pc-admin/src/layouts/AdminLayout.vue","statementMap":{"0":{"start":{"line":25,"column":18},"end":{"line":25,"column":null}},"1":{"start":{"line":21,"column":13},"end":{"line":21,"column":null}},"2":{"start":{"line":22,"column":14},"end":{"line":22,"column":null}},"3":{"start":{"line":23,"column":17},"end":{"line":23,"column":null}},"4":{"start":{"line":24,"column":17},"end":{"line":24,"column":null}},"5":{"start":{"line":27,"column":16},"end":{"line":36,"column":null}},"6":{"start":{"line":38,"column":20},"end":{"line":38,"column":null}},"7":{"start":{"line":38,"column":36},"end":{"line":38,"column":48}},"8":{"start":{"line":40,"column":17},"end":{"line":46,"column":null}},"9":{"start":{"line":41,"column":2},"end":{"line":45,"column":5}},"10":{"start":{"line":41,"column":27},"end":{"line":45,"column":3}},"11":{"start":{"line":43,"column":15},"end":{"line":43,"column":37}},"12":{"start":{"line":49,"column":2},"end":{"line":49,"column":null}},"13":{"start":{"line":53,"column":2},"end":{"line":53,"column":null}},"14":{"start":{"line":54,"column":2},"end":{"line":54,"column":null}},"15":{"start":{"line":67,"column":8},"end":{"line":79,"column":null}},"16":{"start":{"line":113,"column":13},"end":{"line":113,"column":null}},"17":{"start":{"line":117,"column":15},"end":{"line":117,"column":null}},"18":{"start":{"line":119,"column":14},"end":{"line":127,"column":null}},"19":{"start":{"line":134,"column":13},"end":{"line":134,"column":null}},"20":{"start":{"line":148,"column":19},"end":{"line":148,"column":null}},"21":{"start":{"line":149,"column":21},"end":{"line":149,"column":49}},"22":{"start":{"line":150,"column":21},"end":{"line":150,"column":64}},"23":{"start":{"line":59,"column":2},"end":{"line":164,"column":null}},"24":{"start":{"line":99,"column":21},"end":{"line":164,"column":null}},"25":{"start":{"line":61,"column":25},"end":{"line":61,"column":null}},"26":{"start":{"line":97,"column":12},"end":{"line":98,"column":93}},"27":{"start":{"line":161,"column":24},"end":{"line":164,"column":null}},"28":{"start":{"line":132,"column":14},"end":{"line":150,"column":92}},"29":{"start":{"line":114,"column":40},"end":{"line":114,"column":62}},"30":{"start":{"line":115,"column":81},"end":{"line":115,"column":81}},"31":{"start":{"line":138,"column":22},"end":{"line":141,"column":null}},"32":{"start":{"line":137,"column":49},"end":{"line":137,"column":49}},"33":{"start":{"line":137,"column":38},"end":{"line":137,"column":49}},"34":{"start":{"line":142,"column":25},"end":{"line":141,"column":null}},"35":{"start":{"line":141,"column":32},"end":{"line":141,"column":null}},"36":{"start":{"line":157,"column":23},"end":{"line":156,"column":70}},"37":{"start":{"line":155,"column":81},"end":{"line":156,"column":70}},"38":{"start":{"line":155,"column":37},"end":{"line":155,"column":63}},"39":{"start":{"line":155,"column":67},"end":{"line":155,"column":81}},"40":{"start":{"line":156,"column":56},"end":{"line":156,"column":70}},"41":{"start":{"line":152,"column":22},"end":{"line":150,"column":92}},"42":{"start":{"line":147,"column":64},"end":{"line":150,"column":92}},"43":{"start":{"line":147,"column":53},"end":{"line":147,"column":64}},"44":{"start":{"line":164,"column":23},"end":{"line":164,"column":null}}},"fnMap":{"0":{"name":"(anonymous_0)","decl":{"start":{"line":38,"column":30},"end":{"line":38,"column":31}},"loc":{"start":{"line":38,"column":36},"end":{"line":38,"column":48}},"line":38},"1":{"name":"(anonymous_1)","decl":{"start":{"line":40,"column":27},"end":{"line":40,"column":28}},"loc":{"start":{"line":41,"column":2},"end":{"line":45,"column":5}},"line":41},"2":{"name":"(anonymous_2)","decl":{"start":{"line":41,"column":16},"end":{"line":41,"column":17}},"loc":{"start":{"line":41,"column":27},"end":{"line":45,"column":3}},"line":41},"3":{"name":"(anonymous_3)","decl":{"start":{"line":43,"column":10},"end":{"line":43,"column":11}},"loc":{"start":{"line":43,"column":15},"end":{"line":43,"column":37}},"line":43},"4":{"name":"jump","decl":{"start":{"line":48,"column":9},"end":{"line":48,"column":13}},"loc":{"start":{"line":48,"column":23},"end":{"line":50,"column":null}},"line":48},"5":{"name":"logout","decl":{"start":{"line":52,"column":9},"end":{"line":52,"column":15}},"loc":{"start":{"line":52,"column":18},"end":{"line":55,"column":null}},"line":52},"6":{"name":"(anonymous_6)","decl":{"start":{"line":60,"column":4},"end":{"line":60,"column":null}},"loc":{"start":{"line":99,"column":21},"end":{"line":164,"column":null}},"line":99},"7":{"name":"(anonymous_7)","decl":{"start":{"line":61,"column":25},"end":{"line":61,"column":34}},"loc":{"start":{"line":61,"column":25},"end":{"line":61,"column":null}},"line":61},"8":{"name":"(anonymous_8)","decl":{"start":{"line":66,"column":6},"end":{"line":66,"column":null}},"loc":{"start":{"line":97,"column":12},"end":{"line":98,"column":93}},"line":97},"9":{"name":"(anonymous_9)","decl":{"start":{"line":102,"column":6},"end":{"line":102,"column":null}},"loc":{"start":{"line":161,"column":24},"end":{"line":164,"column":null}},"line":161},"10":{"name":"(anonymous_10)","decl":{"start":{"line":113,"column":8},"end":{"line":113,"column":13}},"loc":{"start":{"line":132,"column":14},"end":{"line":150,"column":92}},"line":132},"11":{"name":"(anonymous_11)","decl":{"start":{"line":114,"column":38},"end":{"line":114,"column":40}},"loc":{"start":{"line":114,"column":40},"end":{"line":114,"column":62}},"line":114},"12":{"name":"(anonymous_12)","decl":{"start":{"line":115,"column":12},"end":{"line":115,"column":28}},"loc":{"start":{"line":115,"column":81},"end":{"line":115,"column":81}},"line":115},"13":{"name":"(anonymous_13)","decl":{"start":{"line":136,"column":12},"end":{"line":136,"column":22}},"loc":{"start":{"line":138,"column":22},"end":{"line":141,"column":null}},"line":138},"14":{"name":"(anonymous_14)","decl":{"start":{"line":137,"column":14},"end":{"line":137,"column":24}},"loc":{"start":{"line":137,"column":49},"end":{"line":137,"column":49}},"line":137},"15":{"name":"(anonymous_15)","decl":{"start":{"line":137,"column":36},"end":{"line":137,"column":38}},"loc":{"start":{"line":137,"column":38},"end":{"line":137,"column":49}},"line":137},"16":{"name":"(anonymous_16)","decl":{"start":{"line":140,"column":14},"end":{"line":140,"column":24}},"loc":{"start":{"line":142,"column":25},"end":{"line":141,"column":null}},"line":142},"17":{"name":"(anonymous_17)","decl":{"start":{"line":141,"column":16},"end":{"line":141,"column":32}},"loc":{"start":{"line":141,"column":32},"end":{"line":141,"column":null}},"line":141},"18":{"name":"(anonymous_18)","decl":{"start":{"line":154,"column":14},"end":{"line":154,"column":null}},"loc":{"start":{"line":157,"column":23},"end":{"line":156,"column":70}},"line":157},"19":{"name":"(anonymous_19)","decl":{"start":{"line":155,"column":16},"end":{"line":155,"column":30}},"loc":{"start":{"line":155,"column":81},"end":{"line":156,"column":70}},"line":155},"20":{"name":"(anonymous_20)","decl":{"start":{"line":155,"column":35},"end":{"line":155,"column":37}},"loc":{"start":{"line":155,"column":37},"end":{"line":155,"column":63}},"line":155},"21":{"name":"(anonymous_21)","decl":{"start":{"line":155,"column":63},"end":{"line":155,"column":67}},"loc":{"start":{"line":155,"column":67},"end":{"line":155,"column":81}},"line":155},"22":{"name":"(anonymous_22)","decl":{"start":{"line":156,"column":52},"end":{"line":156,"column":56}},"loc":{"start":{"line":156,"column":56},"end":{"line":156,"column":70}},"line":156},"23":{"name":"(anonymous_23)","decl":{"start":{"line":146,"column":12},"end":{"line":146,"column":21}},"loc":{"start":{"line":152,"column":22},"end":{"line":150,"column":92}},"line":152},"24":{"name":"(anonymous_24)","decl":{"start":{"line":147,"column":14},"end":{"line":147,"column":24}},"loc":{"start":{"line":147,"column":64},"end":{"line":150,"column":92}},"line":147},"25":{"name":"(anonymous_25)","decl":{"start":{"line":147,"column":52},"end":{"line":147,"column":53}},"loc":{"start":{"line":147,"column":53},"end":{"line":147,"column":64}},"line":147},"26":{"name":"(anonymous_26)","decl":{"start":{"line":164,"column":8},"end":{"line":164,"column":23}},"loc":{"start":{"line":164,"column":23},"end":{"line":164,"column":null}},"line":164}},"branchMap":{"0":{"loc":{"start":{"line":61,"column":25},"end":{"line":61,"column":null}},"type":"binary-expr","locations":[{"start":{"line":61,"column":25},"end":{"line":61,"column":34}},{"start":{"line":61,"column":25},"end":{"line":61,"column":null}}],"line":61},"1":{"loc":{"start":{"line":87,"column":17},"end":{"line":96,"column":15}},"type":"cond-expr","locations":[{"start":{"line":86,"column":8},"end":{"line":96,"column":15}}],"line":87},"2":{"loc":{"start":{"line":114,"column":38},"end":{"line":114,"column":null}},"type":"binary-expr","locations":[{"start":{"line":114,"column":38},"end":{"line":114,"column":40}},{"start":{"line":114,"column":38},"end":{"line":114,"column":null}}],"line":114},"3":{"loc":{"start":{"line":115,"column":28},"end":{"line":115,"column":77}},"type":"cond-expr","locations":[{"start":{"line":115,"column":40},"end":{"line":115,"column":58}},{"start":{"line":115,"column":61},"end":{"line":115,"column":77}}],"line":115},"4":{"loc":{"start":{"line":129,"column":17},"end":{"line":129,"column":null}},"type":"binary-expr","locations":[{"start":{"line":129,"column":17},"end":{"line":129,"column":34}},{"start":{"line":129,"column":34},"end":{"line":129,"column":null}}],"line":129},"5":{"loc":{"start":{"line":137,"column":38},"end":{"line":137,"column":49}},"type":"binary-expr","locations":[{"start":{"line":137,"column":38},"end":{"line":137,"column":49}},{"start":{"line":137,"column":38},"end":{"line":137,"column":49}}],"line":137},"6":{"loc":{"start":{"line":155,"column":35},"end":{"line":155,"column":63}},"type":"binary-expr","locations":[{"start":{"line":155,"column":35},"end":{"line":155,"column":37}},{"start":{"line":155,"column":35},"end":{"line":155,"column":63}}],"line":155},"7":{"loc":{"start":{"line":155,"column":67},"end":{"line":155,"column":81}},"type":"binary-expr","locations":[{"start":{"line":155,"column":67},"end":{"line":155,"column":81}},{"start":{"line":155,"column":67},"end":{"line":155,"column":81}}],"line":155},"8":{"loc":{"start":{"line":156,"column":56},"end":{"line":156,"column":70}},"type":"binary-expr","locations":[{"start":{"line":156,"column":56},"end":{"line":156,"column":70}},{"start":{"line":156,"column":56},"end":{"line":156,"column":70}}],"line":156},"9":{"loc":{"start":{"line":147,"column":53},"end":{"line":147,"column":64}},"type":"binary-expr","locations":[{"start":{"line":147,"column":53},"end":{"line":147,"column":64}},{"start":{"line":147,"column":53},"end":{"line":147,"column":64}}],"line":147}},"s":{"0":0,"1":0,"2":0,"3":0,"4":0,"5":0,"6":0,"7":0,"8":0,"9":0,"10":0,"11":0,"12":0,"13":0,"14":0,"15":0,"16":0,"17":0,"18":0,"19":0,"20":0,"21":0,"22":0,"23":0,"24":0,"25":0,"26":0,"27":0,"28":0,"29":0,"30":0,"31":0,"32":0,"33":0,"34":0,"35":0,"36":0,"37":0,"38":0,"39":0,"40":0,"41":0,"42":0,"43":0,"44":0},"f":{"0":0,"1":0,"2":0,"3":0,"4":0,"5":0,"6":0,"7":0,"8":0,"9":0,"10":0,"11":0,"12":0,"13":0,"14":0,"15":0,"16":0,"17":0,"18":0,"19":0,"20":0,"21":0,"22":0,"23":0,"24":0,"25":0,"26":0},"b":{"0":[0,0],"1":[0],"2":[0,0],"3":[0,0],"4":[0,0],"5":[0,0],"6":[0,0],"7":[0,0],"8":[0,0],"9":[0,0]},"meta":{"lastBranch":10,"lastFunction":27,"lastStatement":45,"seen":{"s:25:18:25:Infinity":0,"s:21:13:21:Infinity":1,"s:22:14:22:Infinity":2,"s:23:17:23:Infinity":3,"s:24:17:24:Infinity":4,"s:27:16:36:Infinity":5,"s:38:20:38:Infinity":6,"f:38:30:38:31":0,"s:38:36:38:48":7,"s:40:17:46:Infinity":8,"f:40:27:40:28":1,"s:41:2:45:5":9,"f:41:16:41:17":2,"s:41:27:45:3":10,"f:43:10:43:11":3,"s:43:15:43:37":11,"f:48:9:48:13":4,"s:49:2:49:Infinity":12,"f:52:9:52:15":5,"s:53:2:53:Infinity":13,"s:54:2:54:Infinity":14,"s:67:8:79:Infinity":15,"s:113:13:113:Infinity":16,"s:117:15:117:Infinity":17,"s:119:14:127:Infinity":18,"s:134:13:134:Infinity":19,"s:148:19:148:Infinity":20,"s:149:21:149:49":21,"s:150:21:150:64":22,"s:59:2:164:Infinity":23,"f:60:4:60:Infinity":6,"s:99:21:164:Infinity":24,"b:61:25:61:34:61:25:61:Infinity":0,"f:61:25:61:34":7,"s:61:25:61:Infinity":25,"f:66:6:66:Infinity":8,"s:97:12:98:93":26,"b:86:8:96:15":1,"f:102:6:102:Infinity":9,"s:161:24:164:Infinity":27,"f:113:8:113:13":10,"s:132:14:150:92":28,"b:114:38:114:40:114:38:114:Infinity":2,"f:114:38:114:40":11,"s:114:40:114:62":29,"f:115:12:115:28":12,"s:115:81:115:81":30,"b:115:40:115:58:115:61:115:77":3,"b:129:17:129:34:129:34:129:Infinity":4,"f:136:12:136:22":13,"s:138:22:141:Infinity":31,"f:137:14:137:24":14,"s:137:49:137:49":32,"f:137:36:137:38":15,"s:137:38:137:49":33,"b:137:38:137:49:137:38:137:49":5,"f:140:14:140:24":16,"s:142:25:141:Infinity":34,"f:141:16:141:32":17,"s:141:32:141:Infinity":35,"f:154:14:154:Infinity":18,"s:157:23:156:70":36,"f:155:16:155:30":19,"s:155:81:156:70":37,"b:155:35:155:37:155:35:155:63":6,"f:155:35:155:37":20,"s:155:37:155:63":38,"f:155:63:155:67":21,"s:155:67:155:81":39,"b:155:67:155:81:155:67:155:81":7,"f:156:52:156:56":22,"s:156:56:156:70":40,"b:156:56:156:70:156:56:156:70":8,"f:146:12:146:21":23,"s:152:22:150:92":41,"f:147:14:147:24":24,"s:147:64:150:92":42,"f:147:52:147:53":25,"s:147:53:147:64":43,"b:147:53:147:64:147:53:147:64":9,"f:164:8:164:23":26,"s:164:23:164:Infinity":44}}}
,"/Users/a123/Desktop/INSPECTOR-system/pc-admin/src/mock/data.js": {"path":"/Users/a123/Desktop/INSPECTOR-system/pc-admin/src/mock/data.js","statementMap":{"0":{"start":{"line":1,"column":30},"end":{"line":6,"column":null}},"1":{"start":{"line":8,"column":29},"end":{"line":12,"column":null}},"2":{"start":{"line":14,"column":23},"end":{"line":19,"column":null}},"3":{"start":{"line":23,"column":26},"end":{"line":27,"column":null}},"4":{"start":{"line":31,"column":26},"end":{"line":35,"column":null}},"5":{"start":{"line":37,"column":29},"end":{"line":41,"column":null}},"6":{"start":{"line":43,"column":27},"end":{"line":48,"column":null}},"7":{"start":{"line":50,"column":29},"end":{"line":66,"column":null}},"8":{"start":{"line":68,"column":26},"end":{"line":71,"column":null}}},"fnMap":{},"branchMap":{},"s":{"0":0,"1":0,"2":0,"3":0,"4":0,"5":0,"6":0,"7":0,"8":0},"f":{},"b":{},"meta":{"lastBranch":0,"lastFunction":0,"lastStatement":9,"seen":{"s:1:30:6:Infinity":0,"s:8:29:12:Infinity":1,"s:14:23:19:Infinity":2,"s:23:26:27:Infinity":3,"s:31:26:35:Infinity":4,"s:37:29:41:Infinity":5,"s:43:27:48:Infinity":6,"s:50:29:66:Infinity":7,"s:68:26:71:Infinity":8}}}
,"/Users/a123/Desktop/INSPECTOR-system/pc-admin/src/mock/equipment.js": {"path":"/Users/a123/Desktop/INSPECTOR-system/pc-admin/src/mock/equipment.js","statementMap":{"0":{"start":{"line":2,"column":29},"end":{"line":7,"column":null}}},"fnMap":{},"branchMap":{},"s":{"0":3},"f":{},"b":{},"meta":{"lastBranch":0,"lastFunction":0,"lastStatement":1,"seen":{"s:2:29:7:Infinity":0}}}
,"/Users/a123/Desktop/INSPECTOR-system/pc-admin/src/mock/modules/dashboard.js": {"path":"/Users/a123/Desktop/INSPECTOR-system/pc-admin/src/mock/modules/dashboard.js","statementMap":{"0":{"start":{"line":4,"column":22},"end":{"line":37,"column":null}},"1":{"start":{"line":39,"column":25},"end":{"line":44,"column":null}},"2":{"start":{"line":46,"column":33},"end":{"line":50,"column":null}},"3":{"start":{"line":52,"column":20},"end":{"line":57,"column":null}},"4":{"start":{"line":59,"column":22},"end":{"line":75,"column":null}},"5":{"start":{"line":78,"column":2},"end":{"line":98,"column":null}},"6":{"start":{"line":92,"column":35},"end":{"line":96,"column":5}},"7":{"start":{"line":94,"column":36},"end":{"line":94,"column":55}}},"fnMap":{"0":{"name":"getDashboardMockData","decl":{"start":{"line":77,"column":16},"end":{"line":77,"column":36}},"loc":{"start":{"line":77,"column":39},"end":{"line":99,"column":null}},"line":77},"1":{"name":"(anonymous_1)","decl":{"start":{"line":92,"column":27},"end":{"line":92,"column":28}},"loc":{"start":{"line":92,"column":35},"end":{"line":96,"column":5}},"line":92},"2":{"name":"(anonymous_2)","decl":{"start":{"line":94,"column":29},"end":{"line":94,"column":30}},"loc":{"start":{"line":94,"column":36},"end":{"line":94,"column":55}},"line":94}},"branchMap":{"0":{"loc":{"start":{"line":94,"column":12},"end":{"line":94,"column":74}},"type":"binary-expr","locations":[{"start":{"line":94,"column":12},"end":{"line":94,"column":63}},{"start":{"line":94,"column":67},"end":{"line":94,"column":74}}],"line":94},"1":{"loc":{"start":{"line":95,"column":15},"end":{"line":95,"column":40}},"type":"binary-expr","locations":[{"start":{"line":95,"column":15},"end":{"line":95,"column":35}},{"start":{"line":95,"column":39},"end":{"line":95,"column":40}}],"line":95}},"s":{"0":0,"1":0,"2":0,"3":0,"4":0,"5":0,"6":0,"7":0},"f":{"0":0,"1":0,"2":0},"b":{"0":[0,0],"1":[0,0]},"meta":{"lastBranch":2,"lastFunction":3,"lastStatement":8,"seen":{"s:4:22:37:Infinity":0,"s:39:25:44:Infinity":1,"s:46:33:50:Infinity":2,"s:52:20:57:Infinity":3,"s:59:22:75:Infinity":4,"f:77:16:77:36":0,"s:78:2:98:Infinity":5,"f:92:27:92:28":1,"s:92:35:96:5":6,"b:94:12:94:63:94:67:94:74":0,"f:94:29:94:30":2,"s:94:36:94:55":7,"b:95:15:95:35:95:39:95:40":1}}}
,"/Users/a123/Desktop/INSPECTOR-system/pc-admin/src/mock/modules/report.js": {"path":"/Users/a123/Desktop/INSPECTOR-system/pc-admin/src/mock/modules/report.js","statementMap":{"0":{"start":{"line":1,"column":18},"end":{"line":26,"column":null}},"1":{"start":{"line":28,"column":23},"end":{"line":34,"column":null}},"2":{"start":{"line":36,"column":30},"end":{"line":40,"column":null}},"3":{"start":{"line":42,"column":20},"end":{"line":67,"column":null}},"4":{"start":{"line":70,"column":16},"end":{"line":70,"column":null}},"5":{"start":{"line":72,"column":2},"end":{"line":83,"column":null}}},"fnMap":{"0":{"name":"getReportMockData","decl":{"start":{"line":69,"column":16},"end":{"line":69,"column":33}},"loc":{"start":{"line":69,"column":52},"end":{"line":84,"column":null}},"line":69}},"branchMap":{"0":{"loc":{"start":{"line":69,"column":34},"end":{"line":69,"column":50}},"type":"default-arg","locations":[{"start":{"line":69,"column":43},"end":{"line":69,"column":50}}],"line":69},"1":{"loc":{"start":{"line":70,"column":16},"end":{"line":70,"column":null}},"type":"binary-expr","locations":[{"start":{"line":70,"column":16},"end":{"line":70,"column":33}},{"start":{"line":70,"column":37},"end":{"line":70,"column":null}}],"line":70}},"s":{"0":0,"1":0,"2":0,"3":0,"4":0,"5":0},"f":{"0":0},"b":{"0":[0],"1":[0,0]},"meta":{"lastBranch":2,"lastFunction":1,"lastStatement":6,"seen":{"s:1:18:26:Infinity":0,"s:28:23:34:Infinity":1,"s:36:30:40:Infinity":2,"s:42:20:67:Infinity":3,"f:69:16:69:33":0,"b:69:43:69:50":0,"s:70:16:70:Infinity":4,"b:70:16:70:33:70:37:70:Infinity":1,"s:72:2:83:Infinity":5}}}
,"/Users/a123/Desktop/INSPECTOR-system/pc-admin/src/mock/modules/settings.js": {"path":"/Users/a123/Desktop/INSPECTOR-system/pc-admin/src/mock/modules/settings.js","statementMap":{"0":{"start":{"line":1,"column":30},"end":{"line":6,"column":null}},"1":{"start":{"line":8,"column":30},"end":{"line":12,"column":null}},"2":{"start":{"line":14,"column":28},"end":{"line":23,"column":null}},"3":{"start":{"line":25,"column":24},"end":{"line":29,"column":null}},"4":{"start":{"line":31,"column":24},"end":{"line":35,"column":null}},"5":{"start":{"line":37,"column":23},"end":{"line":42,"column":null}}},"fnMap":{},"branchMap":{},"s":{"0":0,"1":0,"2":0,"3":0,"4":0,"5":0},"f":{},"b":{},"meta":{"lastBranch":0,"lastFunction":0,"lastStatement":6,"seen":{"s:1:30:6:Infinity":0,"s:8:30:12:Infinity":1,"s:14:28:23:Infinity":2,"s:25:24:29:Infinity":3,"s:31:24:35:Infinity":4,"s:37:23:42:Infinity":5}}}
,"/Users/a123/Desktop/INSPECTOR-system/pc-admin/src/mock/modules/task.js": {"path":"/Users/a123/Desktop/INSPECTOR-system/pc-admin/src/mock/modules/task.js","statementMap":{"0":{"start":{"line":6,"column":27},"end":{"line":13,"column":null}},"1":{"start":{"line":16,"column":29},"end":{"line":22,"column":null}},"2":{"start":{"line":25,"column":24},"end":{"line":33,"column":null}},"3":{"start":{"line":36,"column":24},"end":{"line":102,"column":null}},"4":{"start":{"line":106,"column":2},"end":{"line":106,"column":null}},"5":{"start":{"line":106,"column":20},"end":{"line":106,"column":null}},"6":{"start":{"line":107,"column":2},"end":{"line":107,"column":null}},"7":{"start":{"line":107,"column":37},"end":{"line":107,"column":57}}},"fnMap":{"0":{"name":"getDevicesByKeys","decl":{"start":{"line":105,"column":16},"end":{"line":105,"column":32}},"loc":{"start":{"line":105,"column":44},"end":{"line":108,"column":null}},"line":105},"1":{"name":"(anonymous_1)","decl":{"start":{"line":107,"column":30},"end":{"line":107,"column":31}},"loc":{"start":{"line":107,"column":37},"end":{"line":107,"column":57}},"line":107}},"branchMap":{"0":{"loc":{"start":{"line":105,"column":33},"end":{"line":105,"column":42}},"type":"default-arg","locations":[{"start":{"line":105,"column":40},"end":{"line":105,"column":42}}],"line":105},"1":{"loc":{"start":{"line":106,"column":2},"end":{"line":106,"column":null}},"type":"if","locations":[{"start":{"line":106,"column":2},"end":{"line":106,"column":null}},{"start":{},"end":{}}],"line":106}},"s":{"0":3,"1":3,"2":3,"3":3,"4":4,"5":2,"6":2,"7":8},"f":{"0":4,"1":8},"b":{"0":[4],"1":[2,2]},"meta":{"lastBranch":2,"lastFunction":2,"lastStatement":8,"seen":{"s:6:27:13:Infinity":0,"s:16:29:22:Infinity":1,"s:25:24:33:Infinity":2,"s:36:24:102:Infinity":3,"f:105:16:105:32":0,"b:105:40:105:42":0,"b:106:2:106:Infinity:undefined:undefined:undefined:undefined":1,"s:106:2:106:Infinity":4,"s:106:20:106:Infinity":5,"s:107:2:107:Infinity":6,"f:107:30:107:31":1,"s:107:37:107:57":7}}}
,"/Users/a123/Desktop/INSPECTOR-system/pc-admin/src/mock/modules/template.js": {"path":"/Users/a123/Desktop/INSPECTOR-system/pc-admin/src/mock/modules/template.js","statementMap":{"0":{"start":{"line":2,"column":28},"end":{"line":2,"column":null}},"1":{"start":{"line":5,"column":37},"end":{"line":5,"column":null}},"2":{"start":{"line":7,"column":28},"end":{"line":122,"column":null}}},"fnMap":{},"branchMap":{},"s":{"0":2,"1":2,"2":2},"f":{},"b":{},"meta":{"lastBranch":0,"lastFunction":0,"lastStatement":3,"seen":{"s:2:28:2:Infinity":0,"s:5:37:5:Infinity":1,"s:7:28:122:Infinity":2}}}
,"/Users/a123/Desktop/INSPECTOR-system/pc-admin/src/router/index.js": {"path":"/Users/a123/Desktop/INSPECTOR-system/pc-admin/src/router/index.js","statementMap":{"0":{"start":{"line":4,"column":15},"end":{"line":41,"column":null}},"1":{"start":{"line":8,"column":21},"end":{"line":8,"column":60}},"2":{"start":{"line":13,"column":21},"end":{"line":13,"column":59}},"3":{"start":{"line":17,"column":63},"end":{"line":17,"column":111}},"4":{"start":{"line":18,"column":63},"end":{"line":18,"column":111}},"5":{"start":{"line":19,"column":63},"end":{"line":19,"column":109}},"6":{"start":{"line":20,"column":55},"end":{"line":20,"column":93}},"7":{"start":{"line":21,"column":61},"end":{"line":21,"column":103}},"8":{"start":{"line":22,"column":67},"end":{"line":22,"column":109}},"9":{"start":{"line":23,"column":59},"end":{"line":23,"column":101}},"10":{"start":{"line":24,"column":65},"end":{"line":24,"column":113}},"11":{"start":{"line":25,"column":59},"end":{"line":25,"column":101}},"12":{"start":{"line":26,"column":61},"end":{"line":26,"column":107}},"13":{"start":{"line":32,"column":21},"end":{"line":32,"column":66}},"14":{"start":{"line":38,"column":21},"end":{"line":38,"column":65}},"15":{"start":{"line":43,"column":14},"end":{"line":47,"column":null}},"16":{"start":{"line":46,"column":25},"end":{"line":46,"column":35}},"17":{"start":{"line":49,"column":0},"end":{"line":65,"column":null}},"18":{"start":{"line":50,"column":19},"end":{"line":50,"column":null}},"19":{"start":{"line":52,"column":2},"end":{"line":54,"column":null}},"20":{"start":{"line":53,"column":4},"end":{"line":53,"column":null}},"21":{"start":{"line":56,"column":2},"end":{"line":58,"column":null}},"22":{"start":{"line":57,"column":4},"end":{"line":57,"column":null}},"23":{"start":{"line":60,"column":2},"end":{"line":62,"column":null}},"24":{"start":{"line":61,"column":4},"end":{"line":61,"column":null}},"25":{"start":{"line":64,"column":2},"end":{"line":64,"column":null}}},"fnMap":{"0":{"name":"(anonymous_0)","decl":{"start":{"line":8,"column":15},"end":{"line":8,"column":16}},"loc":{"start":{"line":8,"column":21},"end":{"line":8,"column":60}},"line":8},"1":{"name":"(anonymous_1)","decl":{"start":{"line":13,"column":15},"end":{"line":13,"column":16}},"loc":{"start":{"line":13,"column":21},"end":{"line":13,"column":59}},"line":13},"2":{"name":"(anonymous_2)","decl":{"start":{"line":17,"column":57},"end":{"line":17,"column":58}},"loc":{"start":{"line":17,"column":63},"end":{"line":17,"column":111}},"line":17},"3":{"name":"(anonymous_3)","decl":{"start":{"line":18,"column":57},"end":{"line":18,"column":58}},"loc":{"start":{"line":18,"column":63},"end":{"line":18,"column":111}},"line":18},"4":{"name":"(anonymous_4)","decl":{"start":{"line":19,"column":57},"end":{"line":19,"column":58}},"loc":{"start":{"line":19,"column":63},"end":{"line":19,"column":109}},"line":19},"5":{"name":"(anonymous_5)","decl":{"start":{"line":20,"column":49},"end":{"line":20,"column":50}},"loc":{"start":{"line":20,"column":55},"end":{"line":20,"column":93}},"line":20},"6":{"name":"(anonymous_6)","decl":{"start":{"line":21,"column":55},"end":{"line":21,"column":56}},"loc":{"start":{"line":21,"column":61},"end":{"line":21,"column":103}},"line":21},"7":{"name":"(anonymous_7)","decl":{"start":{"line":22,"column":61},"end":{"line":22,"column":62}},"loc":{"start":{"line":22,"column":67},"end":{"line":22,"column":109}},"line":22},"8":{"name":"(anonymous_8)","decl":{"start":{"line":23,"column":53},"end":{"line":23,"column":54}},"loc":{"start":{"line":23,"column":59},"end":{"line":23,"column":101}},"line":23},"9":{"name":"(anonymous_9)","decl":{"start":{"line":24,"column":59},"end":{"line":24,"column":60}},"loc":{"start":{"line":24,"column":65},"end":{"line":24,"column":113}},"line":24},"10":{"name":"(anonymous_10)","decl":{"start":{"line":25,"column":53},"end":{"line":25,"column":54}},"loc":{"start":{"line":25,"column":59},"end":{"line":25,"column":101}},"line":25},"11":{"name":"(anonymous_11)","decl":{"start":{"line":26,"column":55},"end":{"line":26,"column":56}},"loc":{"start":{"line":26,"column":61},"end":{"line":26,"column":107}},"line":26},"12":{"name":"(anonymous_12)","decl":{"start":{"line":32,"column":15},"end":{"line":32,"column":16}},"loc":{"start":{"line":32,"column":21},"end":{"line":32,"column":66}},"line":32},"13":{"name":"(anonymous_13)","decl":{"start":{"line":38,"column":15},"end":{"line":38,"column":16}},"loc":{"start":{"line":38,"column":21},"end":{"line":38,"column":65}},"line":38},"14":{"name":"(anonymous_14)","decl":{"start":{"line":46,"column":18},"end":{"line":46,"column":19}},"loc":{"start":{"line":46,"column":25},"end":{"line":46,"column":35}},"line":46},"15":{"name":"(anonymous_15)","decl":{"start":{"line":49,"column":18},"end":{"line":49,"column":19}},"loc":{"start":{"line":49,"column":26},"end":{"line":65,"column":1}},"line":49}},"branchMap":{"0":{"loc":{"start":{"line":52,"column":2},"end":{"line":54,"column":null}},"type":"if","locations":[{"start":{"line":52,"column":2},"end":{"line":54,"column":null}},{"start":{},"end":{}}],"line":52},"1":{"loc":{"start":{"line":56,"column":2},"end":{"line":58,"column":null}},"type":"if","locations":[{"start":{"line":56,"column":2},"end":{"line":58,"column":null}},{"start":{},"end":{}}],"line":56},"2":{"loc":{"start":{"line":56,"column":6},"end":{"line":56,"column":51}},"type":"binary-expr","locations":[{"start":{"line":56,"column":6},"end":{"line":56,"column":26}},{"start":{"line":56,"column":30},"end":{"line":56,"column":51}}],"line":56},"3":{"loc":{"start":{"line":60,"column":2},"end":{"line":62,"column":null}},"type":"if","locations":[{"start":{"line":60,"column":2},"end":{"line":62,"column":null}},{"start":{},"end":{}}],"line":60},"4":{"loc":{"start":{"line":60,"column":6},"end":{"line":60,"column":50}},"type":"binary-expr","locations":[{"start":{"line":60,"column":6},"end":{"line":60,"column":26}},{"start":{"line":60,"column":30},"end":{"line":60,"column":50}}],"line":60}},"s":{"0":0,"1":0,"2":0,"3":0,"4":0,"5":0,"6":0,"7":0,"8":0,"9":0,"10":0,"11":0,"12":0,"13":0,"14":0,"15":0,"16":0,"17":0,"18":0,"19":0,"20":0,"21":0,"22":0,"23":0,"24":0,"25":0},"f":{"0":0,"1":0,"2":0,"3":0,"4":0,"5":0,"6":0,"7":0,"8":0,"9":0,"10":0,"11":0,"12":0,"13":0,"14":0,"15":0},"b":{"0":[0,0],"1":[0,0],"2":[0,0],"3":[0,0],"4":[0,0]},"meta":{"lastBranch":5,"lastFunction":16,"lastStatement":26,"seen":{"s:4:15:41:Infinity":0,"f:8:15:8:16":0,"s:8:21:8:60":1,"f:13:15:13:16":1,"s:13:21:13:59":2,"f:17:57:17:58":2,"s:17:63:17:111":3,"f:18:57:18:58":3,"s:18:63:18:111":4,"f:19:57:19:58":4,"s:19:63:19:109":5,"f:20:49:20:50":5,"s:20:55:20:93":6,"f:21:55:21:56":6,"s:21:61:21:103":7,"f:22:61:22:62":7,"s:22:67:22:109":8,"f:23:53:23:54":8,"s:23:59:23:101":9,"f:24:59:24:60":9,"s:24:65:24:113":10,"f:25:53:25:54":10,"s:25:59:25:101":11,"f:26:55:26:56":11,"s:26:61:26:107":12,"f:32:15:32:16":12,"s:32:21:32:66":13,"f:38:15:38:16":13,"s:38:21:38:65":14,"s:43:14:47:Infinity":15,"f:46:18:46:19":14,"s:46:25:46:35":16,"s:49:0:65:Infinity":17,"f:49:18:49:19":15,"s:50:19:50:Infinity":18,"b:52:2:54:Infinity:undefined:undefined:undefined:undefined":0,"s:52:2:54:Infinity":19,"s:53:4:53:Infinity":20,"b:56:2:58:Infinity:undefined:undefined:undefined:undefined":1,"s:56:2:58:Infinity":21,"b:56:6:56:26:56:30:56:51":2,"s:57:4:57:Infinity":22,"b:60:2:62:Infinity:undefined:undefined:undefined:undefined":3,"s:60:2:62:Infinity":23,"b:60:6:60:26:60:30:60:50":4,"s:61:4:61:Infinity":24,"s:64:2:64:Infinity":25}}}
,"/Users/a123/Desktop/INSPECTOR-system/pc-admin/src/stores/auth.js": {"path":"/Users/a123/Desktop/INSPECTOR-system/pc-admin/src/stores/auth.js","statementMap":{"0":{"start":{"line":4,"column":18},"end":{"line":4,"column":null}},"1":{"start":{"line":6,"column":27},"end":{"line":32,"column":null}},"2":{"start":{"line":7,"column":15},"end":{"line":7,"column":null}},"3":{"start":{"line":8,"column":14},"end":{"line":11,"column":null}},"4":{"start":{"line":13,"column":20},"end":{"line":13,"column":null}},"5":{"start":{"line":13,"column":36},"end":{"line":13,"column":56}},"6":{"start":{"line":16,"column":4},"end":{"line":16,"column":null}},"7":{"start":{"line":17,"column":4},"end":{"line":17,"column":null}},"8":{"start":{"line":21,"column":4},"end":{"line":21,"column":null}},"9":{"start":{"line":22,"column":4},"end":{"line":22,"column":null}},"10":{"start":{"line":25,"column":2},"end":{"line":31,"column":null}}},"fnMap":{"0":{"name":"(anonymous_0)","decl":{"start":{"line":6,"column":48},"end":{"line":6,"column":49}},"loc":{"start":{"line":6,"column":54},"end":{"line":32,"column":1}},"line":6},"1":{"name":"(anonymous_1)","decl":{"start":{"line":13,"column":30},"end":{"line":13,"column":31}},"loc":{"start":{"line":13,"column":36},"end":{"line":13,"column":56}},"line":13},"2":{"name":"login","decl":{"start":{"line":15,"column":11},"end":{"line":15,"column":16}},"loc":{"start":{"line":15,"column":19},"end":{"line":18,"column":null}},"line":15},"3":{"name":"logout","decl":{"start":{"line":20,"column":11},"end":{"line":20,"column":17}},"loc":{"start":{"line":20,"column":20},"end":{"line":23,"column":null}},"line":20}},"branchMap":{"0":{"loc":{"start":{"line":7,"column":20},"end":{"line":7,"column":57}},"type":"binary-expr","locations":[{"start":{"line":7,"column":20},"end":{"line":7,"column":51}},{"start":{"line":7,"column":55},"end":{"line":7,"column":57}}],"line":7}},"s":{"0":2,"1":2,"2":6,"3":6,"4":6,"5":3,"6":2,"7":2,"8":1,"9":1,"10":6},"f":{"0":6,"1":3,"2":2,"3":1},"b":{"0":[6,6]},"meta":{"lastBranch":1,"lastFunction":4,"lastStatement":11,"seen":{"s:4:18:4:Infinity":0,"s:6:27:32:Infinity":1,"f:6:48:6:49":0,"s:7:15:7:Infinity":2,"b:7:20:7:51:7:55:7:57":0,"s:8:14:11:Infinity":3,"s:13:20:13:Infinity":4,"f:13:30:13:31":1,"s:13:36:13:56":5,"f:15:11:15:16":2,"s:16:4:16:Infinity":6,"s:17:4:17:Infinity":7,"f:20:11:20:17":3,"s:21:4:21:Infinity":8,"s:22:4:22:Infinity":9,"s:25:2:31:Infinity":10}}}
,"/Users/a123/Desktop/INSPECTOR-system/pc-admin/src/stores/task.js": {"path":"/Users/a123/Desktop/INSPECTOR-system/pc-admin/src/stores/task.js","statementMap":{"0":{"start":{"line":5,"column":27},"end":{"line":39,"column":null}},"1":{"start":{"line":6,"column":14},"end":{"line":6,"column":null}},"2":{"start":{"line":9,"column":4},"end":{"line":9,"column":null}},"3":{"start":{"line":9,"column":34},"end":{"line":9,"column":46}},"4":{"start":{"line":13,"column":16},"end":{"line":13,"column":null}},"5":{"start":{"line":14,"column":4},"end":{"line":14,"column":null}},"6":{"start":{"line":15,"column":4},"end":{"line":15,"column":null}},"7":{"start":{"line":19,"column":18},"end":{"line":19,"column":null}},"8":{"start":{"line":19,"column":46},"end":{"line":19,"column":58}},"9":{"start":{"line":20,"column":4},"end":{"line":20,"column":null}},"10":{"start":{"line":20,"column":22},"end":{"line":20,"column":null}},"11":{"start":{"line":21,"column":4},"end":{"line":21,"column":null}},"12":{"start":{"line":22,"column":4},"end":{"line":22,"column":null}},"13":{"start":{"line":26,"column":18},"end":{"line":26,"column":null}},"14":{"start":{"line":26,"column":46},"end":{"line":26,"column":58}},"15":{"start":{"line":27,"column":4},"end":{"line":27,"column":null}},"16":{"start":{"line":27,"column":22},"end":{"line":27,"column":null}},"17":{"start":{"line":28,"column":4},"end":{"line":28,"column":null}},"18":{"start":{"line":29,"column":4},"end":{"line":29,"column":null}},"19":{"start":{"line":32,"column":2},"end":{"line":38,"column":null}}},"fnMap":{"0":{"name":"(anonymous_0)","decl":{"start":{"line":5,"column":48},"end":{"line":5,"column":49}},"loc":{"start":{"line":5,"column":54},"end":{"line":39,"column":1}},"line":5},"1":{"name":"getById","decl":{"start":{"line":8,"column":11},"end":{"line":8,"column":18}},"loc":{"start":{"line":8,"column":23},"end":{"line":10,"column":null}},"line":8},"2":{"name":"(anonymous_2)","decl":{"start":{"line":9,"column":27},"end":{"line":9,"column":28}},"loc":{"start":{"line":9,"column":34},"end":{"line":9,"column":46}},"line":9},"3":{"name":"create","decl":{"start":{"line":12,"column":11},"end":{"line":12,"column":17}},"loc":{"start":{"line":12,"column":24},"end":{"line":16,"column":null}},"line":12},"4":{"name":"update","decl":{"start":{"line":18,"column":11},"end":{"line":18,"column":17}},"loc":{"start":{"line":18,"column":28},"end":{"line":23,"column":null}},"line":18},"5":{"name":"(anonymous_5)","decl":{"start":{"line":19,"column":39},"end":{"line":19,"column":40}},"loc":{"start":{"line":19,"column":46},"end":{"line":19,"column":58}},"line":19},"6":{"name":"remove","decl":{"start":{"line":25,"column":11},"end":{"line":25,"column":17}},"loc":{"start":{"line":25,"column":22},"end":{"line":30,"column":null}},"line":25},"7":{"name":"(anonymous_7)","decl":{"start":{"line":26,"column":39},"end":{"line":26,"column":40}},"loc":{"start":{"line":26,"column":46},"end":{"line":26,"column":58}},"line":26}},"branchMap":{"0":{"loc":{"start":{"line":9,"column":11},"end":{"line":9,"column":null}},"type":"binary-expr","locations":[{"start":{"line":9,"column":11},"end":{"line":9,"column":47}},{"start":{"line":9,"column":51},"end":{"line":9,"column":null}}],"line":9},"1":{"loc":{"start":{"line":13,"column":16},"end":{"line":13,"column":null}},"type":"binary-expr","locations":[{"start":{"line":13,"column":16},"end":{"line":13,"column":24}},{"start":{"line":13,"column":28},"end":{"line":13,"column":null}}],"line":13},"2":{"loc":{"start":{"line":20,"column":4},"end":{"line":20,"column":null}},"type":"if","locations":[{"start":{"line":20,"column":4},"end":{"line":20,"column":null}},{"start":{},"end":{}}],"line":20},"3":{"loc":{"start":{"line":27,"column":4},"end":{"line":27,"column":null}},"type":"if","locations":[{"start":{"line":27,"column":4},"end":{"line":27,"column":null}},{"start":{},"end":{}}],"line":27}},"s":{"0":2,"1":9,"2":6,"3":13,"4":1,"5":1,"6":1,"7":1,"8":1,"9":1,"10":0,"11":1,"12":1,"13":1,"14":1,"15":1,"16":0,"17":1,"18":1,"19":9},"f":{"0":9,"1":6,"2":13,"3":1,"4":1,"5":1,"6":1,"7":1},"b":{"0":[6,2],"1":[1,1],"2":[0,1],"3":[0,1]},"meta":{"lastBranch":4,"lastFunction":8,"lastStatement":20,"seen":{"s:5:27:39:Infinity":0,"f:5:48:5:49":0,"s:6:14:6:Infinity":1,"f:8:11:8:18":1,"s:9:4:9:Infinity":2,"b:9:11:9:47:9:51:9:Infinity":0,"f:9:27:9:28":2,"s:9:34:9:46":3,"f:12:11:12:17":3,"s:13:16:13:Infinity":4,"b:13:16:13:24:13:28:13:Infinity":1,"s:14:4:14:Infinity":5,"s:15:4:15:Infinity":6,"f:18:11:18:17":4,"s:19:18:19:Infinity":7,"f:19:39:19:40":5,"s:19:46:19:58":8,"b:20:4:20:Infinity:undefined:undefined:undefined:undefined":2,"s:20:4:20:Infinity":9,"s:20:22:20:Infinity":10,"s:21:4:21:Infinity":11,"s:22:4:22:Infinity":12,"f:25:11:25:17":6,"s:26:18:26:Infinity":13,"f:26:39:26:40":7,"s:26:46:26:58":14,"b:27:4:27:Infinity:undefined:undefined:undefined:undefined":3,"s:27:4:27:Infinity":15,"s:27:22:27:Infinity":16,"s:28:4:28:Infinity":17,"s:29:4:29:Infinity":18,"s:32:2:38:Infinity":19}}}
,"/Users/a123/Desktop/INSPECTOR-system/pc-admin/src/utils/cron.js": {"path":"/Users/a123/Desktop/INSPECTOR-system/pc-admin/src/utils/cron.js","statementMap":{"0":{"start":{"line":12,"column":43},"end":{"line":12,"column":null}},"1":{"start":{"line":13,"column":2},"end":{"line":13,"column":null}},"2":{"start":{"line":13,"column":24},"end":{"line":13,"column":null}},"3":{"start":{"line":15,"column":25},"end":{"line":15,"column":null}},"4":{"start":{"line":16,"column":17},"end":{"line":16,"column":null}},"5":{"start":{"line":17,"column":15},"end":{"line":17,"column":null}},"6":{"start":{"line":19,"column":2},"end":{"line":39,"column":null}},"7":{"start":{"line":21,"column":6},"end":{"line":21,"column":null}},"8":{"start":{"line":23,"column":16},"end":{"line":23,"column":null}},"9":{"start":{"line":24,"column":6},"end":{"line":24,"column":null}},"10":{"start":{"line":27,"column":18},"end":{"line":27,"column":null}},"11":{"start":{"line":28,"column":6},"end":{"line":28,"column":null}},"12":{"start":{"line":31,"column":6},"end":{"line":31,"column":null}},"13":{"start":{"line":33,"column":18},"end":{"line":33,"column":null}},"14":{"start":{"line":34,"column":20},"end":{"line":34,"column":null}},"15":{"start":{"line":35,"column":6},"end":{"line":35,"column":null}},"16":{"start":{"line":38,"column":6},"end":{"line":38,"column":null}},"17":{"start":{"line":48,"column":2},"end":{"line":48,"column":null}},"18":{"start":{"line":48,"column":41},"end":{"line":48,"column":null}},"19":{"start":{"line":49,"column":16},"end":{"line":49,"column":null}},"20":{"start":{"line":50,"column":2},"end":{"line":50,"column":null}},"21":{"start":{"line":50,"column":24},"end":{"line":50,"column":null}},"22":{"start":{"line":52,"column":52},"end":{"line":52,"column":null}},"23":{"start":{"line":53,"column":17},"end":{"line":53,"column":null}},"24":{"start":{"line":54,"column":12},"end":{"line":54,"column":null}},"25":{"start":{"line":55,"column":2},"end":{"line":55,"column":null}},"26":{"start":{"line":55,"column":47},"end":{"line":55,"column":null}},"27":{"start":{"line":56,"column":15},"end":{"line":56,"column":null}},"28":{"start":{"line":59,"column":2},"end":{"line":61,"column":null}},"29":{"start":{"line":60,"column":4},"end":{"line":60,"column":null}},"30":{"start":{"line":64,"column":2},"end":{"line":69,"column":null}},"31":{"start":{"line":65,"column":14},"end":{"line":65,"column":null}},"32":{"start":{"line":66,"column":4},"end":{"line":68,"column":null}},"33":{"start":{"line":67,"column":6},"end":{"line":67,"column":null}},"34":{"start":{"line":72,"column":2},"end":{"line":77,"column":null}},"35":{"start":{"line":73,"column":14},"end":{"line":73,"column":null}},"36":{"start":{"line":74,"column":4},"end":{"line":76,"column":null}},"37":{"start":{"line":75,"column":6},"end":{"line":75,"column":null}},"38":{"start":{"line":80,"column":2},"end":{"line":82,"column":null}},"39":{"start":{"line":81,"column":4},"end":{"line":81,"column":null}},"40":{"start":{"line":85,"column":2},"end":{"line":91,"column":null}},"41":{"start":{"line":86,"column":14},"end":{"line":86,"column":null}},"42":{"start":{"line":87,"column":14},"end":{"line":87,"column":null}},"43":{"start":{"line":88,"column":4},"end":{"line":90,"column":null}},"44":{"start":{"line":89,"column":6},"end":{"line":89,"column":null}},"45":{"start":{"line":93,"column":2},"end":{"line":93,"column":null}}},"fnMap":{"0":{"name":"formToCron","decl":{"start":{"line":11,"column":16},"end":{"line":11,"column":26}},"loc":{"start":{"line":11,"column":33},"end":{"line":40,"column":null}},"line":11},"1":{"name":"cronToForm","decl":{"start":{"line":47,"column":16},"end":{"line":47,"column":26}},"loc":{"start":{"line":47,"column":33},"end":{"line":94,"column":null}},"line":47}},"branchMap":{"0":{"loc":{"start":{"line":12,"column":23},"end":{"line":12,"column":38}},"type":"default-arg","locations":[{"start":{"line":12,"column":36},"end":{"line":12,"column":38}}],"line":12},"1":{"loc":{"start":{"line":13,"column":2},"end":{"line":13,"column":null}},"type":"if","locations":[{"start":{"line":13,"column":2},"end":{"line":13,"column":null}},{"start":{},"end":{}}],"line":13},"2":{"loc":{"start":{"line":15,"column":9},"end":{"line":15,"column":14}},"type":"default-arg","locations":[{"start":{"line":15,"column":13},"end":{"line":15,"column":14}}],"line":15},"3":{"loc":{"start":{"line":15,"column":16},"end":{"line":15,"column":21}},"type":"default-arg","locations":[{"start":{"line":15,"column":20},"end":{"line":15,"column":21}}],"line":15},"4":{"loc":{"start":{"line":15,"column":26},"end":{"line":15,"column":41}},"type":"binary-expr","locations":[{"start":{"line":15,"column":26},"end":{"line":15,"column":30}},{"start":{"line":15,"column":34},"end":{"line":15,"column":41}}],"line":15},"5":{"loc":{"start":{"line":19,"column":2},"end":{"line":39,"column":null}},"type":"switch","locations":[{"start":{"line":20,"column":4},"end":{"line":21,"column":null}},{"start":{"line":22,"column":4},"end":{"line":25,"column":null}},{"start":{"line":26,"column":4},"end":{"line":29,"column":null}},{"start":{"line":30,"column":4},"end":{"line":31,"column":null}},{"start":{"line":32,"column":4},"end":{"line":36,"column":null}},{"start":{"line":37,"column":4},"end":{"line":38,"column":null}}],"line":19},"6":{"loc":{"start":{"line":23,"column":16},"end":{"line":23,"column":null}},"type":"cond-expr","locations":[{"start":{"line":23,"column":45},"end":{"line":23,"column":63}},{"start":{"line":23,"column":66},"end":{"line":23,"column":null}}],"line":23},"7":{"loc":{"start":{"line":27,"column":43},"end":{"line":27,"column":62}},"type":"binary-expr","locations":[{"start":{"line":27,"column":43},"end":{"line":27,"column":57}},{"start":{"line":27,"column":61},"end":{"line":27,"column":62}}],"line":27},"8":{"loc":{"start":{"line":33,"column":43},"end":{"line":33,"column":62}},"type":"binary-expr","locations":[{"start":{"line":33,"column":43},"end":{"line":33,"column":57}},{"start":{"line":33,"column":61},"end":{"line":33,"column":62}}],"line":33},"9":{"loc":{"start":{"line":34,"column":45},"end":{"line":34,"column":66}},"type":"binary-expr","locations":[{"start":{"line":34,"column":45},"end":{"line":34,"column":61}},{"start":{"line":34,"column":65},"end":{"line":34,"column":66}}],"line":34},"10":{"loc":{"start":{"line":48,"column":2},"end":{"line":48,"column":null}},"type":"if","locations":[{"start":{"line":48,"column":2},"end":{"line":48,"column":null}},{"start":{},"end":{}}],"line":48},"11":{"loc":{"start":{"line":48,"column":6},"end":{"line":48,"column":39}},"type":"binary-expr","locations":[{"start":{"line":48,"column":6},"end":{"line":48,"column":11}},{"start":{"line":48,"column":15},"end":{"line":48,"column":39}}],"line":48},"12":{"loc":{"start":{"line":50,"column":2},"end":{"line":50,"column":null}},"type":"if","locations":[{"start":{"line":50,"column":2},"end":{"line":50,"column":null}},{"start":{},"end":{}}],"line":50},"13":{"loc":{"start":{"line":55,"column":2},"end":{"line":55,"column":null}},"type":"if","locations":[{"start":{"line":55,"column":2},"end":{"line":55,"column":null}},{"start":{},"end":{}}],"line":55},"14":{"loc":{"start":{"line":55,"column":6},"end":{"line":55,"column":45}},"type":"binary-expr","locations":[{"start":{"line":55,"column":6},"end":{"line":55,"column":26}},{"start":{"line":55,"column":30},"end":{"line":55,"column":45}}],"line":55},"15":{"loc":{"start":{"line":59,"column":2},"end":{"line":61,"column":null}},"type":"if","locations":[{"start":{"line":59,"column":2},"end":{"line":61,"column":null}},{"start":{},"end":{}}],"line":59},"16":{"loc":{"start":{"line":59,"column":6},"end":{"line":59,"column":62}},"type":"binary-expr","locations":[{"start":{"line":59,"column":6},"end":{"line":59,"column":24}},{"start":{"line":59,"column":28},"end":{"line":59,"column":41}},{"start":{"line":59,"column":45},"end":{"line":59,"column":62}}],"line":59},"17":{"loc":{"start":{"line":64,"column":2},"end":{"line":69,"column":null}},"type":"if","locations":[{"start":{"line":64,"column":2},"end":{"line":69,"column":null}},{"start":{},"end":{}}],"line":64},"18":{"loc":{"start":{"line":64,"column":6},"end":{"line":64,"column":62}},"type":"binary-expr","locations":[{"start":{"line":64,"column":6},"end":{"line":64,"column":24}},{"start":{"line":64,"column":28},"end":{"line":64,"column":41}},{"start":{"line":64,"column":45},"end":{"line":64,"column":62}}],"line":64},"19":{"loc":{"start":{"line":66,"column":4},"end":{"line":68,"column":null}},"type":"if","locations":[{"start":{"line":66,"column":4},"end":{"line":68,"column":null}},{"start":{},"end":{}}],"line":66},"20":{"loc":{"start":{"line":66,"column":8},"end":{"line":66,"column":44}},"type":"binary-expr","locations":[{"start":{"line":66,"column":8},"end":{"line":66,"column":24}},{"start":{"line":66,"column":28},"end":{"line":66,"column":34}},{"start":{"line":66,"column":38},"end":{"line":66,"column":44}}],"line":66},"21":{"loc":{"start":{"line":72,"column":2},"end":{"line":77,"column":null}},"type":"if","locations":[{"start":{"line":72,"column":2},"end":{"line":77,"column":null}},{"start":{},"end":{}}],"line":72},"22":{"loc":{"start":{"line":72,"column":6},"end":{"line":72,"column":62}},"type":"binary-expr","locations":[{"start":{"line":72,"column":6},"end":{"line":72,"column":24}},{"start":{"line":72,"column":28},"end":{"line":72,"column":41}},{"start":{"line":72,"column":45},"end":{"line":72,"column":62}}],"line":72},"23":{"loc":{"start":{"line":74,"column":4},"end":{"line":76,"column":null}},"type":"if","locations":[{"start":{"line":74,"column":4},"end":{"line":76,"column":null}},{"start":{},"end":{}}],"line":74},"24":{"loc":{"start":{"line":74,"column":8},"end":{"line":74,"column":45}},"type":"binary-expr","locations":[{"start":{"line":74,"column":8},"end":{"line":74,"column":24}},{"start":{"line":74,"column":28},"end":{"line":74,"column":34}},{"start":{"line":74,"column":38},"end":{"line":74,"column":45}}],"line":74},"25":{"loc":{"start":{"line":80,"column":2},"end":{"line":82,"column":null}},"type":"if","locations":[{"start":{"line":80,"column":2},"end":{"line":82,"column":null}},{"start":{},"end":{}}],"line":80},"26":{"loc":{"start":{"line":80,"column":6},"end":{"line":80,"column":69}},"type":"binary-expr","locations":[{"start":{"line":80,"column":6},"end":{"line":80,"column":24}},{"start":{"line":80,"column":28},"end":{"line":80,"column":48}},{"start":{"line":80,"column":52},"end":{"line":80,"column":69}}],"line":80},"27":{"loc":{"start":{"line":85,"column":2},"end":{"line":91,"column":null}},"type":"if","locations":[{"start":{"line":85,"column":2},"end":{"line":91,"column":null}},{"start":{},"end":{}}],"line":85},"28":{"loc":{"start":{"line":85,"column":6},"end":{"line":85,"column":64}},"type":"binary-expr","locations":[{"start":{"line":85,"column":6},"end":{"line":85,"column":19}},{"start":{"line":85,"column":23},"end":{"line":85,"column":43}},{"start":{"line":85,"column":47},"end":{"line":85,"column":64}}],"line":85},"29":{"loc":{"start":{"line":88,"column":4},"end":{"line":90,"column":null}},"type":"if","locations":[{"start":{"line":88,"column":4},"end":{"line":90,"column":null}},{"start":{},"end":{}}],"line":88},"30":{"loc":{"start":{"line":88,"column":8},"end":{"line":88,"column":86}},"type":"binary-expr","locations":[{"start":{"line":88,"column":8},"end":{"line":88,"column":24}},{"start":{"line":88,"column":28},"end":{"line":88,"column":34}},{"start":{"line":88,"column":38},"end":{"line":88,"column":45}},{"start":{"line":88,"column":49},"end":{"line":88,"column":65}},{"start":{"line":88,"column":69},"end":{"line":88,"column":75}},{"start":{"line":88,"column":79},"end":{"line":88,"column":86}}],"line":88}},"s":{"0":11,"1":11,"2":1,"3":10,"4":11,"5":11,"6":11,"7":3,"8":3,"9":3,"10":2,"11":2,"12":1,"13":1,"14":1,"15":1,"16":0,"17":9,"18":2,"19":7,"20":7,"21":1,"22":6,"23":6,"24":6,"25":6,"26":0,"27":6,"28":6,"29":1,"30":5,"31":2,"32":2,"33":2,"34":3,"35":1,"36":1,"37":1,"38":2,"39":1,"40":1,"41":1,"42":1,"43":1,"44":1,"45":0},"f":{"0":11,"1":9},"b":{"0":[11],"1":[1,10],"2":[10],"3":[10],"4":[10,1],"5":[3,3,2,1,1,0],"6":[3,0],"7":[2,0],"8":[1,0],"9":[1,0],"10":[2,7],"11":[9,7],"12":[1,6],"13":[0,6],"14":[6,6],"15":[1,5],"16":[6,3,3],"17":[2,3],"18":[5,2,2],"19":[2,0],"20":[2,2,2],"21":[1,2],"22":[3,3,1],"23":[1,0],"24":[1,1,1],"25":[1,1],"26":[2,2,1],"27":[1,0],"28":[1,1,1],"29":[1,0],"30":[1,1,1,1,1,1]},"meta":{"lastBranch":31,"lastFunction":2,"lastStatement":46,"seen":{"f:11:16:11:26":0,"s:12:43:12:Infinity":0,"b:12:36:12:38":0,"b:13:2:13:Infinity:undefined:undefined:undefined:undefined":1,"s:13:2:13:Infinity":1,"s:13:24:13:Infinity":2,"s:15:25:15:Infinity":3,"b:15:13:15:14":2,"b:15:20:15:21":3,"b:15:26:15:30:15:34:15:41":4,"s:16:17:16:Infinity":4,"s:17:15:17:Infinity":5,"b:20:4:21:Infinity:22:4:25:Infinity:26:4:29:Infinity:30:4:31:Infinity:32:4:36:Infinity:37:4:38:Infinity":5,"s:19:2:39:Infinity":6,"s:21:6:21:Infinity":7,"s:23:16:23:Infinity":8,"b:23:45:23:63:23:66:23:Infinity":6,"s:24:6:24:Infinity":9,"s:27:18:27:Infinity":10,"b:27:43:27:57:27:61:27:62":7,"s:28:6:28:Infinity":11,"s:31:6:31:Infinity":12,"s:33:18:33:Infinity":13,"b:33:43:33:57:33:61:33:62":8,"s:34:20:34:Infinity":14,"b:34:45:34:61:34:65:34:66":9,"s:35:6:35:Infinity":15,"s:38:6:38:Infinity":16,"f:47:16:47:26":1,"b:48:2:48:Infinity:undefined:undefined:undefined:undefined":10,"s:48:2:48:Infinity":17,"b:48:6:48:11:48:15:48:39":11,"s:48:41:48:Infinity":18,"s:49:16:49:Infinity":19,"b:50:2:50:Infinity:undefined:undefined:undefined:undefined":12,"s:50:2:50:Infinity":20,"s:50:24:50:Infinity":21,"s:52:52:52:Infinity":22,"s:53:17:53:Infinity":23,"s:54:12:54:Infinity":24,"b:55:2:55:Infinity:undefined:undefined:undefined:undefined":13,"s:55:2:55:Infinity":25,"b:55:6:55:26:55:30:55:45":14,"s:55:47:55:Infinity":26,"s:56:15:56:Infinity":27,"b:59:2:61:Infinity:undefined:undefined:undefined:undefined":15,"s:59:2:61:Infinity":28,"b:59:6:59:24:59:28:59:41:59:45:59:62":16,"s:60:4:60:Infinity":29,"b:64:2:69:Infinity:undefined:undefined:undefined:undefined":17,"s:64:2:69:Infinity":30,"b:64:6:64:24:64:28:64:41:64:45:64:62":18,"s:65:14:65:Infinity":31,"b:66:4:68:Infinity:undefined:undefined:undefined:undefined":19,"s:66:4:68:Infinity":32,"b:66:8:66:24:66:28:66:34:66:38:66:44":20,"s:67:6:67:Infinity":33,"b:72:2:77:Infinity:undefined:undefined:undefined:undefined":21,"s:72:2:77:Infinity":34,"b:72:6:72:24:72:28:72:41:72:45:72:62":22,"s:73:14:73:Infinity":35,"b:74:4:76:Infinity:undefined:undefined:undefined:undefined":23,"s:74:4:76:Infinity":36,"b:74:8:74:24:74:28:74:34:74:38:74:45":24,"s:75:6:75:Infinity":37,"b:80:2:82:Infinity:undefined:undefined:undefined:undefined":25,"s:80:2:82:Infinity":38,"b:80:6:80:24:80:28:80:48:80:52:80:69":26,"s:81:4:81:Infinity":39,"b:85:2:91:Infinity:undefined:undefined:undefined:undefined":27,"s:85:2:91:Infinity":40,"b:85:6:85:19:85:23:85:43:85:47:85:64":28,"s:86:14:86:Infinity":41,"s:87:14:87:Infinity":42,"b:88:4:90:Infinity:undefined:undefined:undefined:undefined":29,"s:88:4:90:Infinity":43,"b:88:8:88:24:88:28:88:34:88:38:88:45:88:49:88:65:88:69:88:75:88:79:88:86":30,"s:89:6:89:Infinity":44,"s:93:2:93:Infinity":45}}}
,"/Users/a123/Desktop/INSPECTOR-system/pc-admin/src/views/auth/LoginView.vue": {"path":"/Users/a123/Desktop/INSPECTOR-system/pc-admin/src/views/auth/LoginView.vue","statementMap":{"0":{"start":{"line":8,"column":14},"end":{"line":8,"column":null}},"1":{"start":{"line":9,"column":17},"end":{"line":9,"column":null}},"2":{"start":{"line":11,"column":17},"end":{"line":15,"column":null}},"3":{"start":{"line":18,"column":2},"end":{"line":18,"column":null}},"4":{"start":{"line":19,"column":2},"end":{"line":19,"column":null}},"5":{"start":{"line":20,"column":2},"end":{"line":20,"column":null}},"6":{"start":{"line":26,"column":4},"end":{"line":31,"column":null}},"7":{"start":{"line":34,"column":6},"end":{"line":40,"column":null}},"8":{"start":{"line":52,"column":11},"end":{"line":52,"column":null}},"9":{"start":{"line":65,"column":13},"end":{"line":65,"column":null}},"10":{"start":{"line":91,"column":15},"end":{"line":91,"column":null}},"11":{"start":{"line":25,"column":2},"end":{"line":104,"column":null}},"12":{"start":{"line":54,"column":62},"end":{"line":54,"column":62}},"13":{"start":{"line":57,"column":61},"end":{"line":57,"column":61}},"14":{"start":{"line":60,"column":64},"end":{"line":60,"column":64}},"15":{"start":{"line":72,"column":14},"end":{"line":104,"column":null}},"16":{"start":{"line":81,"column":24},"end":{"line":96,"column":88}},"17":{"start":{"line":80,"column":22},"end":{"line":78,"column":null}},"18":{"start":{"line":76,"column":36},"end":{"line":76,"column":56}},"19":{"start":{"line":78,"column":32},"end":{"line":78,"column":null}},"20":{"start":{"line":88,"column":31},"end":{"line":86,"column":null}},"21":{"start":{"line":84,"column":45},"end":{"line":84,"column":65}},"22":{"start":{"line":86,"column":32},"end":{"line":86,"column":null}},"23":{"start":{"line":92,"column":41},"end":{"line":92,"column":61}},"24":{"start":{"line":92,"column":65},"end":{"line":92,"column":78}},"25":{"start":{"line":93,"column":35},"end":{"line":93,"column":55}},"26":{"start":{"line":96,"column":77},"end":{"line":96,"column":88}}},"fnMap":{"0":{"name":"submit","decl":{"start":{"line":17,"column":9},"end":{"line":17,"column":15}},"loc":{"start":{"line":17,"column":18},"end":{"line":21,"column":null}},"line":17},"1":{"name":"(anonymous_1)","decl":{"start":{"line":54,"column":10},"end":{"line":54,"column":23}},"loc":{"start":{"line":54,"column":62},"end":{"line":54,"column":62}},"line":54},"2":{"name":"(anonymous_2)","decl":{"start":{"line":57,"column":10},"end":{"line":57,"column":23}},"loc":{"start":{"line":57,"column":61},"end":{"line":57,"column":61}},"line":57},"3":{"name":"(anonymous_3)","decl":{"start":{"line":60,"column":10},"end":{"line":60,"column":23}},"loc":{"start":{"line":60,"column":64},"end":{"line":60,"column":64}},"line":60},"4":{"name":"(anonymous_4)","decl":{"start":{"line":67,"column":8},"end":{"line":67,"column":13}},"loc":{"start":{"line":72,"column":14},"end":{"line":104,"column":null}},"line":72},"5":{"name":"(anonymous_5)","decl":{"start":{"line":75,"column":10},"end":{"line":75,"column":23}},"loc":{"start":{"line":81,"column":24},"end":{"line":96,"column":88}},"line":81},"6":{"name":"(anonymous_6)","decl":{"start":{"line":76,"column":12},"end":{"line":76,"column":29}},"loc":{"start":{"line":80,"column":22},"end":{"line":78,"column":null}},"line":80},"7":{"name":"(anonymous_7)","decl":{"start":{"line":76,"column":36},"end":{"line":76,"column":45}},"loc":{"start":{"line":76,"column":36},"end":{"line":76,"column":56}},"line":76},"8":{"name":"(anonymous_8)","decl":{"start":{"line":78,"column":16},"end":{"line":78,"column":32}},"loc":{"start":{"line":78,"column":32},"end":{"line":78,"column":null}},"line":78},"9":{"name":"(anonymous_9)","decl":{"start":{"line":84,"column":12},"end":{"line":84,"column":38}},"loc":{"start":{"line":88,"column":31},"end":{"line":86,"column":null}},"line":88},"10":{"name":"(anonymous_10)","decl":{"start":{"line":84,"column":45},"end":{"line":84,"column":54}},"loc":{"start":{"line":84,"column":45},"end":{"line":84,"column":65}},"line":84},"11":{"name":"(anonymous_11)","decl":{"start":{"line":86,"column":16},"end":{"line":86,"column":32}},"loc":{"start":{"line":86,"column":32},"end":{"line":86,"column":null}},"line":86},"12":{"name":"(anonymous_12)","decl":{"start":{"line":92,"column":41},"end":{"line":92,"column":50}},"loc":{"start":{"line":92,"column":41},"end":{"line":92,"column":61}},"line":92},"13":{"name":"(anonymous_13)","decl":{"start":{"line":92,"column":61},"end":{"line":92,"column":65}},"loc":{"start":{"line":92,"column":65},"end":{"line":92,"column":78}},"line":92},"14":{"name":"(anonymous_14)","decl":{"start":{"line":93,"column":31},"end":{"line":93,"column":35}},"loc":{"start":{"line":93,"column":35},"end":{"line":93,"column":55}},"line":93},"15":{"name":"(anonymous_15)","decl":{"start":{"line":96,"column":73},"end":{"line":96,"column":77}},"loc":{"start":{"line":96,"column":77},"end":{"line":96,"column":88}},"line":96}},"branchMap":{"0":{"loc":{"start":{"line":42,"column":6},"end":{"line":49,"column":12}},"type":"binary-expr","locations":[{"start":{"line":42,"column":6},"end":{"line":42,"column":null}},{"start":{"line":42,"column":6},"end":{"line":49,"column":12}}],"line":42},"1":{"loc":{"start":{"line":67,"column":8},"end":{"line":71,"column":16}},"type":"binary-expr","locations":[{"start":{"line":67,"column":8},"end":{"line":67,"column":13}},{"start":{"line":67,"column":8},"end":{"line":71,"column":16}}],"line":67},"2":{"loc":{"start":{"line":76,"column":36},"end":{"line":76,"column":56}},"type":"binary-expr","locations":[{"start":{"line":76,"column":36},"end":{"line":76,"column":45}},{"start":{"line":76,"column":36},"end":{"line":76,"column":56}}],"line":76},"3":{"loc":{"start":{"line":84,"column":45},"end":{"line":84,"column":65}},"type":"binary-expr","locations":[{"start":{"line":84,"column":45},"end":{"line":84,"column":54}},{"start":{"line":84,"column":45},"end":{"line":84,"column":65}}],"line":84},"4":{"loc":{"start":{"line":92,"column":41},"end":{"line":92,"column":61}},"type":"binary-expr","locations":[{"start":{"line":92,"column":41},"end":{"line":92,"column":50}},{"start":{"line":92,"column":41},"end":{"line":92,"column":61}}],"line":92},"5":{"loc":{"start":{"line":92,"column":65},"end":{"line":92,"column":78}},"type":"binary-expr","locations":[{"start":{"line":92,"column":65},"end":{"line":92,"column":78}},{"start":{"line":92,"column":65},"end":{"line":92,"column":78}}],"line":92},"6":{"loc":{"start":{"line":93,"column":35},"end":{"line":93,"column":55}},"type":"binary-expr","locations":[{"start":{"line":93,"column":35},"end":{"line":93,"column":55}},{"start":{"line":93,"column":35},"end":{"line":93,"column":55}}],"line":93},"7":{"loc":{"start":{"line":96,"column":77},"end":{"line":96,"column":88}},"type":"binary-expr","locations":[{"start":{"line":96,"column":77},"end":{"line":96,"column":88}},{"start":{"line":96,"column":77},"end":{"line":96,"column":88}}],"line":96}},"s":{"0":2,"1":2,"2":2,"3":0,"4":0,"5":0,"6":1,"7":1,"8":1,"9":1,"10":1,"11":2,"12":2,"13":2,"14":2,"15":2,"16":2,"17":4,"18":0,"19":6,"20":4,"21":0,"22":6,"23":0,"24":2,"25":2,"26":2},"f":{"0":0,"1":2,"2":2,"3":2,"4":2,"5":2,"6":4,"7":0,"8":6,"9":4,"10":0,"11":6,"12":0,"13":2,"14":2,"15":2},"b":{"0":[2,2],"1":[2,2],"2":[4,2],"3":[4,2],"4":[2,2],"5":[2,2],"6":[2,2],"7":[2,2]},"meta":{"lastBranch":8,"lastFunction":16,"lastStatement":27,"seen":{"s:8:14:8:Infinity":0,"s:9:17:9:Infinity":1,"s:11:17:15:Infinity":2,"f:17:9:17:15":0,"s:18:2:18:Infinity":3,"s:19:2:19:Infinity":4,"s:20:2:20:Infinity":5,"s:26:4:31:Infinity":6,"s:34:6:40:Infinity":7,"s:52:11:52:Infinity":8,"s:65:13:65:Infinity":9,"s:91:15:91:Infinity":10,"s:25:2:104:Infinity":11,"b:42:6:42:Infinity:42:6:49:12":0,"f:54:10:54:23":1,"s:54:62:54:62":12,"f:57:10:57:23":2,"s:57:61:57:61":13,"f:60:10:60:23":3,"s:60:64:60:64":14,"f:67:8:67:13":4,"s:72:14:104:Infinity":15,"b:67:8:67:13:67:8:71:16":1,"f:75:10:75:23":5,"s:81:24:96:88":16,"f:76:12:76:29":6,"s:80:22:78:Infinity":17,"b:76:36:76:45:76:36:76:56":2,"f:76:36:76:45":7,"s:76:36:76:56":18,"f:78:16:78:32":8,"s:78:32:78:Infinity":19,"f:84:12:84:38":9,"s:88:31:86:Infinity":20,"b:84:45:84:54:84:45:84:65":3,"f:84:45:84:54":10,"s:84:45:84:65":21,"f:86:16:86:32":11,"s:86:32:86:Infinity":22,"b:92:41:92:50:92:41:92:61":4,"f:92:41:92:50":12,"s:92:41:92:61":23,"f:92:61:92:65":13,"s:92:65:92:78":24,"b:92:65:92:78:92:65:92:78":5,"f:93:31:93:35":14,"s:93:35:93:55":25,"b:93:35:93:55:93:35:93:55":6,"f:96:73:96:77":15,"s:96:77:96:88":26,"b:96:77:96:88:96:77:96:88":7}}}
[...]
rt":{"line":20,"column":15},"end":{"line":20,"column":30}},{"start":{"line":20,"column":34},"end":{"line":20,"column":35}}],"line":20},"1":{"loc":{"start":{"line":21,"column":19},"end":{"line":21,"column":66}},"type":"binary-expr","locations":[{"start":{"line":21,"column":19},"end":{"line":21,"column":61}},{"start":{"line":21,"column":65},"end":{"line":21,"column":66}}],"line":21},"2":{"loc":{"start":{"line":40,"column":27},"end":{"line":40,"column":81}},"type":"binary-expr","locations":[{"start":{"line":40,"column":27},"end":{"line":40,"column":44}},{"start":{"line":40,"column":48},"end":{"line":40,"column":81}}],"line":40},"3":{"loc":{"start":{"line":57,"column":2},"end":{"line":83,"column":null}},"type":"if","locations":[{"start":{"line":57,"column":2},"end":{"line":83,"column":null}},{"start":{"line":73,"column":9},"end":{"line":83,"column":null}}],"line":57},"4":{"loc":{"start":{"line":62,"column":19},"end":{"line":62,"column":43}},"type":"binary-expr","locations":[{"start":{"line":62,"column":19},"end":{"line":62,"column":37}},{"start":{"line":62,"column":41},"end":{"line":62,"column":43}}],"line":62},"5":{"loc":{"start":{"line":63,"column":15},"end":{"line":63,"column":39}},"type":"binary-expr","locations":[{"start":{"line":63,"column":15},"end":{"line":63,"column":29}},{"start":{"line":63,"column":33},"end":{"line":63,"column":39}}],"line":63},"6":{"loc":{"start":{"line":64,"column":14},"end":{"line":64,"column":35}},"type":"binary-expr","locations":[{"start":{"line":64,"column":14},"end":{"line":64,"column":27}},{"start":{"line":64,"column":31},"end":{"line":64,"column":35}}],"line":64},"7":{"loc":{"start":{"line":65,"column":14},"end":{"line":65,"column":32}},"type":"binary-expr","locations":[{"start":{"line":65,"column":14},"end":{"line":65,"column":26}},{"start":{"line":65,"column":30},"end":{"line":65,"column":32}}],"line":65},"8":{"loc":{"start":{"line":67,"column":13},"end":{"line":67,"column":82}},"type":"binary-expr","locations":[{"start":{"line":67,"column":13},"end":{"line":67,"column":19}},{"start":{"line":67,"column":23},"end":{"line":67,"column":82}}],"line":67},"9":{"loc":{"start":{"line":101,"column":26},"end":{"line":101,"column":null}},"type":"binary-expr","locations":[{"start":{"line":101,"column":26},"end":{"line":101,"column":48}},{"start":{"line":101,"column":52},"end":{"line":101,"column":null}}],"line":101},"10":{"loc":{"start":{"line":113,"column":9},"end":{"line":113,"column":null}},"type":"binary-expr","locations":[{"start":{"line":113,"column":9},"end":{"line":113,"column":67}},{"start":{"line":113,"column":71},"end":{"line":113,"column":null}}],"line":113},"11":{"loc":{"start":{"line":117,"column":2},"end":{"line":120,"column":null}},"type":"if","locations":[{"start":{"line":117,"column":2},"end":{"line":120,"column":null}},{"start":{},"end":{}}],"line":117},"12":{"loc":{"start":{"line":117,"column":6},"end":{"line":117,"column":46}},"type":"binary-expr","locations":[{"start":{"line":117,"column":6},"end":{"line":117,"column":21}},{"start":{"line":117,"column":25},"end":{"line":117,"column":46}}],"line":117},"13":{"loc":{"start":{"line":122,"column":2},"end":{"line":125,"column":null}},"type":"if","locations":[{"start":{"line":122,"column":2},"end":{"line":125,"column":null}},{"start":{},"end":{}}],"line":122},"14":{"loc":{"start":{"line":126,"column":44},"end":{"line":126,"column":100}},"type":"binary-expr","locations":[{"start":{"line":126,"column":44},"end":{"line":126,"column":62}},{"start":{"line":126,"column":66},"end":{"line":126,"column":100}}],"line":126},"15":{"loc":{"start":{"line":127,"column":2},"end":{"line":130,"column":null}},"type":"if","locations":[{"start":{"line":127,"column":2},"end":{"line":130,"column":null}},{"start":{},"end":{}}],"line":127},"16":{"loc":{"start":{"line":139,"column":2},"end":{"line":151,"column":null}},"type":"if","locations":[{"start":{"line":139,"column":2},"end":{"line":151,"column":null}},{"start":{"line":143,"column":9},"end":{"line":151,"column":null}}],"line":139},"17":{"loc":{"start":{"line":144,"column":4},"end":{"line":147,"column":null}},"type":"if","locations":[{"start":{"line":144,"column":4},"end":{"line":147,"column":null}},{"start":{},"end":{}}],"line":144},"18":{"loc":{"start":{"line":170,"column":6},"end":{"line":172,"column":53}},"type":"binary-expr","locations":[{"start":{"line":170,"column":6},"end":{"line":170,"column":11}},{"start":{"line":170,"column":6},"end":{"line":172,"column":53}}],"line":170},"19":{"loc":{"start":{"line":174,"column":55},"end":{"line":174,"column":66}},"type":"binary-expr","locations":[{"start":{"line":174,"column":55},"end":{"line":174,"column":66}},{"start":{"line":174,"column":55},"end":{"line":174,"column":66}}],"line":174},"20":{"loc":{"start":{"line":180,"column":25},"end":{"line":180,"column":null}},"type":"binary-expr","locations":[{"start":{"line":180,"column":25},"end":{"line":180,"column":30}},{"start":{"line":180,"column":25},"end":{"line":180,"column":null}}],"line":180},"21":{"loc":{"start":{"line":198,"column":79},"end":{"line":198,"column":90}},"type":"binary-expr","locations":[{"start":{"line":198,"column":79},"end":{"line":198,"column":90}},{"start":{"line":198,"column":79},"end":{"line":198,"column":90}}],"line":198},"22":{"loc":{"start":{"line":199,"column":77},"end":{"line":199,"column":88}},"type":"binary-expr","locations":[{"start":{"line":199,"column":77},"end":{"line":199,"column":88}},{"start":{"line":199,"column":77},"end":{"line":199,"column":88}}],"line":199},"23":{"loc":{"start":{"line":200,"column":85},"end":{"line":200,"column":96}},"type":"binary-expr","locations":[{"start":{"line":200,"column":85},"end":{"line":200,"column":96}},{"start":{"line":200,"column":85},"end":{"line":200,"column":96}}],"line":200},"24":{"loc":{"start":{"line":207,"column":28},"end":{"line":207,"column":43}},"type":"binary-expr","locations":[{"start":{"line":207,"column":28},"end":{"line":207,"column":41}},{"start":{"line":207,"column":28},"end":{"line":207,"column":43}}],"line":207},"25":{"loc":{"start":{"line":208,"column":22},"end":{"line":234,"column":72}},"type":"cond-expr","locations":[{"start":{"line":208,"column":6},"end":{"line":234,"column":72}}],"line":208},"26":{"loc":{"start":{"line":215,"column":19},"end":{"line":217,"column":71}},"type":"cond-expr","locations":[{"start":{"line":215,"column":8},"end":{"line":217,"column":71}}],"line":215},"27":{"loc":{"start":{"line":216,"column":10},"end":{"line":216,"column":55}},"type":"binary-expr","locations":[{"start":{"line":216,"column":10},"end":{"line":216,"column":15}},{"start":{"line":216,"column":10},"end":{"line":216,"column":55}}],"line":216},"28":{"loc":{"start":{"line":220,"column":10},"end":{"line":220,"column":56}},"type":"binary-expr","locations":[{"start":{"line":220,"column":10},"end":{"line":220,"column":15}},{"start":{"line":220,"column":10},"end":{"line":220,"column":56}}],"line":220},"29":{"loc":{"start":{"line":232,"column":49},"end":{"line":232,"column":79}},"type":"cond-expr","locations":[{"start":{"line":232,"column":64},"end":{"line":232,"column":79}},{"start":{"line":232,"column":64},"end":{"line":232,"column":79}}],"line":232},"30":{"loc":{"start":{"line":241,"column":20},"end":{"line":241,"column":null}},"type":"binary-expr","locations":[{"start":{"line":241,"column":20},"end":{"line":241,"column":31}},{"start":{"line":241,"column":20},"end":{"line":241,"column":null}}],"line":241},"31":{"loc":{"start":{"line":242,"column":14},"end":{"line":242,"column":null}},"type":"cond-expr","locations":[{"start":{"line":242,"column":24},"end":{"line":242,"column":null}},{"start":{"line":242,"column":24},"end":{"line":242,"column":null}}],"line":242},"32":{"loc":{"start":{"line":249,"column":34},"end":{"line":249,"column":50}},"type":"binary-expr","locations":[{"start":{"line":249,"column":34},"end":{"line":249,"column":43}},{"start":{"line":249,"column":34},"end":{"line":249,"column":50}}],"line":249},"33":{"loc":{"start":{"line":253,"column":27},"end":{"line":253,"column":null}},"type":"binary-expr","locations":[{"start":{"line":253,"column":27},"end":{"line":253,"column":36}},{"start":{"line":253,"column":27},"end":{"line":253,"column":null}}],"line":253},"34":{"loc":{"start":{"line":261,"column":27},"end":{"line":261,"column":null}},"type":"binary-expr","locations":[{"start":{"line":261,"column":27},"end":{"line":261,"column":36}},{"start":{"line":261,"column":27},"end":{"line":261,"column":null}}],"line":261},"35":{"loc":{"start":{"line":267,"column":34},"end":{"line":267,"column":53}},"type":"binary-expr","locations":[{"start":{"line":267,"column":34},"end":{"line":267,"column":43}},{"start":{"line":267,"column":34},"end":{"line":267,"column":53}}],"line":267},"36":{"loc":{"start":{"line":270,"column":35},"end":{"line":270,"column":null}},"type":"binary-expr","locations":[{"start":{"line":270,"column":35},"end":{"line":270,"column":44}},{"start":{"line":270,"column":35},"end":{"line":270,"column":null}}],"line":270},"37":{"loc":{"start":{"line":271,"column":44},"end":{"line":271,"column":62}},"type":"binary-expr","locations":[{"start":{"line":271,"column":44},"end":{"line":271,"column":62}},{"start":{"line":271,"column":44},"end":{"line":271,"column":62}}],"line":271},"38":{"loc":{"start":{"line":272,"column":42},"end":{"line":272,"column":60}},"type":"binary-expr","locations":[{"start":{"line":272,"column":42},"end":{"line":272,"column":60}},{"start":{"line":272,"column":42},"end":{"line":272,"column":60}}],"line":272},"39":{"loc":{"start":{"line":283,"column":69},"end":{"line":283,"column":115}},"type":"cond-expr","locations":[{"start":{"line":283,"column":97},"end":{"line":283,"column":107}},{"start":{"line":283,"column":107},"end":{"line":283,"column":115}}],"line":283},"40":{"loc":{"start":{"line":285,"column":49},"end":{"line":285,"column":80}},"type":"binary-expr","locations":[{"start":{"line":285,"column":49},"end":{"line":285,"column":58}},{"start":{"line":285,"column":58},"end":{"line":285,"column":80}}],"line":285},"41":{"loc":{"start":{"line":287,"column":53},"end":{"line":287,"column":90}},"type":"cond-expr","locations":[{"start":{"line":287,"column":66},"end":{"line":287,"column":90}},{"start":{"line":287,"column":66},"end":{"line":287,"column":90}}],"line":287},"42":{"loc":{"start":{"line":291,"column":36},"end":{"line":292,"column":63}},"type":"cond-expr","locations":[{"start":{"line":291,"column":16},"end":{"line":291,"column":94}},{"start":{"line":292,"column":16},"end":{"line":292,"column":63}}],"line":291},"43":{"loc":{"start":{"line":311,"column":50},"end":{"line":311,"column":68}},"type":"binary-expr","locations":[{"start":{"line":311,"column":50},"end":{"line":311,"column":68}},{"start":{"line":311,"column":50},"end":{"line":311,"column":68}}],"line":311},"44":{"loc":{"start":{"line":312,"column":50},"end":{"line":312,"column":68}},"type":"binary-expr","locations":[{"start":{"line":312,"column":50},"end":{"line":312,"column":68}},{"start":{"line":312,"column":50},"end":{"line":312,"column":68}}],"line":312},"45":{"loc":{"start":{"line":318,"column":30},"end":{"line":319,"column":23}},"type":"binary-expr","locations":[{"start":{"line":318,"column":30},"end":{"line":318,"column":null}},{"start":{"line":318,"column":30},"end":{"line":319,"column":23}}],"line":318}},"s":{"0":3,"1":3,"2":9,"3":27,"4":3,"5":3,"6":3,"7":3,"8":3,"9":3,"10":0,"11":0,"12":0,"13":0,"14":0,"15":0,"16":0,"17":0,"18":0,"19":0,"20":0,"21":0,"22":0,"23":0,"24":0,"25":0,"26":0,"27":0,"28":0,"29":0,"30":0,"31":0,"32":0,"33":0,"34":0,"35":0,"36":0,"37":0,"38":0,"39":0,"40":0,"41":0,"42":0,"43":0,"44":0,"45":0,"46":0,"47":0,"48":0,"49":0,"50":0,"51":0,"52":0,"53":0,"54":0,"55":0,"56":0,"57":0,"58":0,"59":0,"60":0,"61":0,"62":0,"63":1,"64":1,"65":1,"66":1,"67":1,"68":1,"69":1,"70":1,"71":1,"72":1,"73":3,"74":0,"75":0,"76":0,"77":0,"78":0,"79":0,"80":0,"81":0,"82":0,"83":0,"84":0,"85":0,"86":0,"87":0,"88":0,"89":0,"90":0,"91":0,"92":0,"93":0,"94":0,"95":0,"96":0,"97":0,"98":0,"99":0,"100":0,"101":0,"102":0,"103":0,"104":0,"105":0,"106":0,"107":0,"108":0,"109":0,"110":0,"111":0,"112":0,"113":0,"114":0,"115":0,"116":0,"117":0,"118":0,"119":0,"120":0,"121":0,"122":0,"123":0,"124":0,"125":0,"126":0,"127":0,"128":0,"129":0,"130":0,"131":0,"132":0},"f":{"0":9,"1":27,"2":0,"3":0,"4":0,"5":0,"6":0,"7":0,"8":0,"9":0,"10":0,"11":0,"12":0,"13":0,"14":0,"15":0,"16":0,"17":0,"18":0,"19":0,"20":0,"21":0,"22":0,"23":0,"24":0,"25":0,"26":0,"27":0,"28":0,"29":0,"30":0,"31":0,"32":0,"33":0,"34":0,"35":0,"36":0,"37":0,"38":0,"39":0,"40":0,"41":0,"42":0,"43":0,"44":0,"45":0,"46":0,"47":0,"48":0,"49":0,"50":0,"51":0,"52":0,"53":0,"54":0,"55":0,"56":0,"57":0,"58":0,"59":0,"60":0,"61":0,"62":0,"63":0,"64":0,"65":0,"66":0,"67":0,"68":0,"69":0,"70":0,"71":0,"72":0,"73":0,"74":0,"75":0,"76":0,"77":0,"78":0,"79":0,"80":0,"81":0,"82":0},"b":{"0":[9,0],"1":[9,0],"2":[0,0],"3":[0,0],"4":[0,0],"5":[0,0],"6":[0,0],"7":[0,0],"8":[0,0],"9":[0,0],"10":[0,0],"11":[0,0],"12":[0,0],"13":[0,0],"14":[0,0],"15":[0,0],"16":[0,0],"17":[0,0],"18":[3,3],"19":[0,0],"20":[0,0],"21":[0,0],"22":[0,0],"23":[0,0],"24":[3,3],"25":[0],"26":[0],"27":[0,0],"28":[0,0],"29":[0,0],"30":[3,3],"31":[0,3],"32":[0,0],"33":[0,0],"34":[0,0],"35":[0,0],"36":[0,0],"37":[0,0],"38":[0,0],"39":[0,0],"40":[0,0],"41":[0,0],"42":[0,0],"43":[0,0],"44":[0,0],"45":[0,0]},"meta":{"lastBranch":46,"lastFunction":83,"lastStatement":133,"seen":{"s:16:13:16:Infinity":0,"s:17:12:23:Infinity":1,"f:18:19:18:20":0,"s:18:27:22:3":2,"b:20:15:20:30:20:34:20:35":0,"b:21:19:21:61:21:65:21:66":1,"f:21:35:21:36":1,"s:21:42:21:52":3,"s:24:21:24:Infinity":4,"s:25:19:25:Infinity":5,"s:26:18:26:Infinity":6,"s:27:23:27:Infinity":7,"s:29:17:37:Infinity":8,"s:39:20:41:Infinity":9,"f:39:30:39:31":2,"s:40:2:40:82":10,"f:40:20:40:21":3,"s:40:27:40:81":11,"b:40:27:40:44:40:48:40:81":2,"f:43:9:43:24":4,"s:44:2:53:Infinity":12,"f:56:9:56:17":5,"b:57:2:83:Infinity:73:9:83:Infinity":3,"s:57:2:83:Infinity":13,"s:58:4:72:Infinity":14,"b:62:19:62:37:62:41:62:43":4,"b:63:15:63:29:63:33:63:39":5,"b:64:14:64:27:64:31:64:35":6,"b:65:14:65:26:65:30:65:32":7,"f:65:38:65:39":6,"s:65:47:71:7":15,"b:67:13:67:19:67:23:67:82":8,"s:74:4:82:Infinity":16,"f:86:9:86:19":7,"s:87:2:87:Infinity":17,"s:88:2:88:Infinity":18,"s:89:2:89:Infinity":19,"f:92:9:92:19":8,"s:93:2:93:Infinity":20,"s:94:2:94:Infinity":21,"f:97:9:97:17":9,"s:98:2:98:Infinity":22,"s:99:2:99:Infinity":23,"s:100:2:100:Infinity":24,"s:101:2:101:Infinity":25,"b:101:26:101:48:101:52:101:Infinity":9,"f:104:9:104:16":10,"s:105:2:105:Infinity":26,"f:108:9:108:19":11,"s:109:2:109:Infinity":27,"f:112:9:112:21":12,"s:113:2:113:Infinity":28,"b:113:9:113:67:113:71:113:Infinity":10,"f:113:36:113:37":13,"s:113:43:113:59":29,"f:116:9:116:16":14,"b:117:2:120:Infinity:undefined:undefined:undefined:undefined":11,"s:117:2:120:Infinity":30,"b:117:6:117:21:117:25:117:46":12,"s:118:4:118:Infinity":31,"s:119:4:119:Infinity":32,"s:121:21:121:Infinity":33,"f:121:44:121:45":15,"s:121:51:121:65":34,"b:122:2:125:Infinity:undefined:undefined:undefined:undefined":13,"s:122:2:125:Infinity":35,"s:123:4:123:Infinity":36,"s:124:4:124:Infinity":37,"s:126:21:126:Infinity":38,"f:126:37:126:38":16,"s:126:44:126:100":39,"b:126:44:126:62:126:66:126:100":14,"f:126:82:126:83":17,"s:126:89:126:99":40,"b:127:2:130:Infinity:undefined:undefined:undefined:undefined":15,"s:127:2:130:Infinity":41,"s:128:4:128:Infinity":42,"s:129:4:129:Infinity":43,"s:132:18:137:Infinity":44,"f:136:37:136:38":18,"s:136:44:136:54":45,"b:139:2:151:Infinity:143:9:151:Infinity":16,"s:139:2:151:Infinity":46,"s:140:18:140:Infinity":47,"f:140:39:140:40":19,"s:140:46:140:76":48,"s:141:4:141:Infinity":49,"s:142:4:142:Infinity":50,"b:144:4:147:Infinity:undefined:undefined:undefined:undefined":17,"s:144:4:147:Infinity":51,"f:144:24:144:25":20,"s:144:31:144:68":52,"s:145:6:145:Infinity":53,"s:146:6:146:Infinity":54,"s:148:4:148:Infinity":55,"s:149:4:149:Infinity":56,"s:150:4:150:Infinity":57,"s:152:2:152:Infinity":58,"f:155:9:155:18":21,"s:156:2:163:Infinity":59,"f:159:4:159:8":22,"s:160:6:160:Infinity":60,"f:160:37:160:38":23,"s:160:44:160:64":61,"s:161:6:161:Infinity":62,"s:169:9:169:Infinity":63,"s:178:11:178:Infinity":64,"s:217:15:217:40":65,"s:219:13:219:Infinity":66,"s:277:15:277:Infinity":67,"s:284:22:284:50":68,"s:285:22:285:49":69,"s:286:22:286:49":70,"s:287:22:287:53":71,"s:294:57:294:Infinity":72,"s:168:2:319:23":73,"b:170:6:170:11:170:6:172:53":18,"f:174:51:174:55":24,"s:174:55:174:66":74,"b:174:55:174:66:174:55:174:66":19,"f:178:6:178:11":25,"s:187:12:200:96":75,"b:180:25:180:30:180:25:180:Infinity":20,"f:180:25:180:30":26,"s:180:25:180:Infinity":76,"f:185:27:185:34":27,"s:185:52:185:80":77,"f:185:51:185:52":28,"s:185:10:185:80":78,"f:185:73:185:76":29,"s:185:80:185:80":79,"f:189:8:189:24":30,"s:189:68:200:96":80,"f:197:12:197:22":31,"s:196:38:200:96":81,"f:198:14:198:24":32,"s:198:90:200:96":82,"f:198:55:198:57":33,"s:198:57:198:77":83,"f:198:77:198:79":34,"s:198:79:198:90":84,"b:198:79:198:90:198:79:198:90":21,"f:199:55:199:57":35,"s:199:57:199:75":85,"f:199:75:199:77":36,"s:199:77:199:88":86,"b:199:77:199:88:199:77:199:88":22,"f:200:62:200:64":37,"s:200:64:200:83":87,"f:200:83:200:85":38,"s:200:85:200:96":88,"b:200:85:200:96:200:85:200:96":23,"b:207:28:207:41:207:28:207:43":24,"f:207:28:207:41":39,"s:207:28:207:43":89,"f:208:6:208:22":40,"s:237:17:234:72":90,"b:208:6:234:72":25,"f:210:10:210:31":41,"s:210:87:213:65":91,"f:210:44:210:47":42,"s:210:65:210:65":92,"f:211:44:211:47":43,"s:211:71:211:71":93,"f:212:42:212:45":44,"s:212:66:212:66":94,"f:213:42:213:45":45,"s:213:65:213:65":95,"b:215:8:217:71":26,"b:216:10:216:15:216:10:216:55":27,"b:220:10:220:15:220:10:220:56":28,"f:227:12:227:28":46,"s:227:71:234:72":96,"f:229:46:229:49":47,"s:229:42:229:77":97,"f:232:46:232:49":48,"s:232:42:232:79":98,"b:232:64:232:79:232:64:232:79":29,"b:241:20:241:31:241:20:241:Infinity":30,"f:241:20:241:31":49,"s:241:20:241:Infinity":99,"b:242:24:242:Infinity:242:24:242:Infinity":31,"f:247:6:247:14":50,"s:322:15:319:23":100,"f:248:8:248:21":51,"s:250:22:319:23":101,"f:249:10:249:27":52,"s:249:76:249:76":102,"b:249:34:249:43:249:34:249:50":32,"f:249:34:249:43":53,"s:249:34:249:50":103,"f:252:10:252:Infinity":54,"s:257:12:256:Infinity":104,"b:253:27:253:36:253:27:253:Infinity":33,"f:253:27:253:36":55,"s:253:27:253:Infinity":105,"f:256:38:256:40":56,"s:256:41:256:Infinity":106,"f:260:10:260:Infinity":57,"s:264:12:263:Infinity":107,"b:261:27:261:36:261:27:261:Infinity":34,"f:261:27:261:36":58,"s:261:27:261:Infinity":108,"f:267:10:267:27":59,"s:267:76:267:76":109,"b:267:34:267:43:267:34:267:53":35,"f:267:34:267:43":60,"s:267:34:267:53":110,"f:270:10:270:28":61,"s:273:21:272:60":111,"b:270:35:270:44:270:35:270:Infinity":36,"f:270:35:270:44":62,"s:270:35:270:Infinity":112,"f:271:12:271:29":63,"s:271:62:272:60":113,"f:271:41:271:44":64,"s:271:44:271:62":114,"b:271:44:271:62:271:44:271:62":37,"f:272:40:272:42":65,"s:272:42:272:60":115,"b:272:42:272:60:272:42:272:60":38,"f:277:10:277:15":66,"s:320:16:319:23":116,"f:279:53:279:Infinity":67,"s:278:12:294:57":117,"f:283:49:283:51":68,"s:283:51:283:115":118,"b:283:97:283:107:283:107:283:115":39,"b:285:49:285:58:285:58:285:80":40,"b:287:66:287:90:287:66:287:90":41,"f:288:64:288:71":69,"s:288:71:288:Infinity":119,"f:289:18:289:36":70,"s:289:36:289:Infinity":120,"b:291:16:291:94:292:16:292:63":42,"f:296:18:296:35":71,"s:296:76:296:76":121,"f:296:42:296:46":72,"s:296:42:296:53":122,"f:299:18:299:36":73,"s:299:62:299:62":123,"f:299:45:299:49":74,"s:299:45:299:62":124,"f:302:18:302:35":75,"s:302:84:302:84":125,"f:302:42:302:46":76,"s:302:42:302:53":126,"f:305:18:305:Infinity":77,"s:313:29:312:68":127,"f:306:35:306:39":78,"s:306:35:306:Infinity":128,"f:311:20:311:37":79,"s:311:68:312:68":129,"f:311:48:311:50":80,"s:311:50:311:68":130,"b:311:50:311:68:311:50:311:68":43,"f:312:48:312:50":81,"s:312:50:312:68":131,"b:312:50:312:68:312:50:312:68":44,"f:318:14:318:30":82,"s:318:30:319:23":132,"b:318:30:318:Infinity:318:30:319:23":45}}}
}
